\BOOKMARK [0][-]{chapter.1}{\376\377\000W\000p\000r\000o\000w\000a\000d\000z\000e\000n\000i\000e}{}% 1
\BOOKMARK [1][-]{section.1.1}{\376\377\000K\000o\000n\000t\000e\000k\000s\000t\000\040\000p\000r\000o\000j\000e\000k\000t\000u}{chapter.1}% 2
\BOOKMARK [1][-]{section.1.2}{\376\377\000C\000e\000l\000\040\000p\000r\000o\000j\000e\000k\000t\000u}{chapter.1}% 3
\BOOKMARK [1][-]{section.1.3}{\376\377\000Z\000a\000k\000r\000e\000s\000\040\000p\000r\000o\000j\000e\000k\000t\000u}{chapter.1}% 4
\BOOKMARK [1][-]{section.1.4}{\376\377\000C\000h\000a\000r\000a\000k\000t\000e\000r\000\040\000p\000r\000o\000j\000e\000k\000t\000u\000\040\001\102\001\005\000c\000z\000o\000n\000e\000g\000o}{chapter.1}% 5
\BOOKMARK [0][-]{chapter.2}{\376\377\000A\000n\000a\000l\000i\000z\000a\000\040\000p\000r\000o\000b\000l\000e\000m\000u\000\040\000i\000\040\000i\000s\000t\000n\000i\000e\000j\001\005\000c\000y\000c\000h\000\040\000r\000o\000z\000w\000i\001\005\000z\000a\001\104}{}% 6
\BOOKMARK [1][-]{section.2.1}{\376\377\000O\000p\000i\000s\000\040\000p\000r\000o\000b\000l\000e\000m\000u}{chapter.2}% 7
\BOOKMARK [1][-]{section.2.2}{\376\377\000D\000a\000n\000e\000\040\000b\000i\000o\000m\000e\000t\000r\000y\000c\000z\000n\000e\000\040\000w\000y\000k\000o\000r\000z\000y\000s\000t\000y\000w\000a\000n\000e\000\040\000w\000\040\000p\000r\000o\000j\000e\000k\000c\000i\000e}{chapter.2}% 8
\BOOKMARK [1][-]{section.2.3}{\376\377\000Z\000a\001\102\000o\001\174\000e\000n\000i\000a\000\040\000i\000\040\000o\000g\000r\000a\000n\000i\000c\000z\000e\000n\000i\000a\000\040\000s\000y\000s\000t\000e\000m\000u}{chapter.2}% 9
\BOOKMARK [1][-]{section.2.4}{\376\377\000A\000n\000a\000l\000i\000z\000a\000\040\000i\000s\000t\000n\000i\000e\000j\001\005\000c\000y\000c\000h\000\040\000r\000o\000z\000w\000i\001\005\000z\000a\001\104}{chapter.2}% 10
\BOOKMARK [2][-]{subsection.2.4.1}{\376\377\000W\000i\000n\000d\000o\000w\000s\000\040\000H\000e\000l\000l\000o}{section.2.4}% 11
\BOOKMARK [2][-]{subsection.2.4.2}{\376\377\000F\000a\000c\000e\000\040\000I\000D}{section.2.4}% 12
\BOOKMARK [2][-]{subsection.2.4.3}{\376\377\000S\000y\000s\000t\000e\000m\000y\000\040\000k\000o\000n\000t\000r\000o\000l\000i\000\040\000d\000o\000s\000t\001\031\000p\000u\000\040\000z\000\040\000o\000d\000c\000i\000s\000k\000i\000e\000m\000\040\000p\000a\000l\000c\000a}{section.2.4}% 13
\BOOKMARK [2][-]{subsection.2.4.4}{\376\377\000K\000o\000m\000e\000r\000c\000y\000j\000n\000e\000\040\000S\000D\000K\000\040\000i\000\040\000s\000y\000s\000t\000e\000m\000y\000\040\000b\000i\000o\000m\000e\000t\000r\000y\000c\000z\000n\000e}{section.2.4}% 14
\BOOKMARK [1][-]{section.2.5}{\376\377\000W\000y\000r\000\363\001\174\000n\000i\000k\000i\000\040\000p\000r\000o\000j\000e\000k\000t\000o\000w\000a\000n\000e\000g\000o\000\040\000r\000o\000z\000w\000i\001\005\000z\000a\000n\000i\000a}{chapter.2}% 15
\BOOKMARK [0][-]{chapter.3}{\376\377\000W\000y\000m\000a\000g\000a\000n\000i\000a\000\040\000s\000y\000s\000t\000e\000m\000o\000w\000e}{}% 16
\BOOKMARK [1][-]{section.3.1}{\376\377\000W\000y\000m\000a\000g\000a\000n\000i\000a\000\040\000f\000u\000n\000k\000c\000j\000o\000n\000a\000l\000n\000e}{chapter.3}% 17
\BOOKMARK [1][-]{section.3.2}{\376\377\000W\000y\000m\000a\000g\000a\000n\000i\000a\000\040\000n\000i\000e\000f\000u\000n\000k\000c\000j\000o\000n\000a\000l\000n\000e}{chapter.3}% 18
\BOOKMARK [1][-]{section.3.3}{\376\377\000W\000y\000m\000a\000g\000a\000n\000i\000a\000\040\000d\000o\000t\000y\000c\000z\001\005\000c\000e\000\040\000b\000e\000z\000p\000i\000e\000c\000z\000e\001\104\000s\000t\000w\000a}{chapter.3}% 19
\BOOKMARK [1][-]{section.3.4}{\376\377\000Z\000a\001\102\000o\001\174\000e\000n\000i\000a\000\040\000d\000o\000t\000y\000c\000z\001\005\000c\000e\000\040\000u\001\174\000y\000t\000k\000o\000w\000n\000i\000k\000\363\000w\000\040\000i\000\040\001\133\000r\000o\000d\000o\000w\000i\000s\000k\000a\000\040\000p\000r\000a\000c\000y}{chapter.3}% 20
\BOOKMARK [0][-]{chapter.4}{\376\377\000K\000o\000n\000c\000e\000p\000c\000j\000a\000\040\000r\000o\000z\000w\000i\001\005\000z\000a\000n\000i\000a\000\040\000b\000i\000o\000m\000e\000t\000r\000y\000c\000z\000n\000e\000g\000o}{}% 21
\BOOKMARK [1][-]{section.4.1}{\376\377\000O\000g\000\363\000l\000n\000a\000\040\000i\000d\000e\000a\000\040\000d\000z\000i\000a\001\102\000a\000n\000i\000a\000\040\000s\000y\000s\000t\000e\000m\000u}{chapter.4}% 22
\BOOKMARK [1][-]{section.4.2}{\376\377\000P\000i\000p\000e\000l\000i\000n\000e\000\040\000p\000r\000z\000e\000t\000w\000a\000r\000z\000a\000n\000i\000a\000\040\000d\000a\000n\000y\000c\000h}{chapter.4}% 23
\BOOKMARK [1][-]{section.4.3}{\376\377\000P\000r\000o\000c\000e\000s\000\040\000r\000e\000j\000e\000s\000t\000r\000a\000c\000j\000i\000\040\000o\000s\000o\000b\000y}{chapter.4}% 24
\BOOKMARK [1][-]{section.4.4}{\376\377\000P\000r\000o\000c\000e\000s\000\040\000i\000d\000e\000n\000t\000y\000f\000i\000k\000a\000c\000j\000i\000\040\000o\000s\000o\000b\000y}{chapter.4}% 25
\BOOKMARK [1][-]{section.4.5}{\376\377\000S\000c\000h\000e\000m\000a\000t\000\040\000b\000l\000o\000k\000o\000w\000y\000\040\000d\000z\000i\000a\001\102\000a\000n\000i\000a\000\040\000s\000y\000s\000t\000e\000m\000u}{chapter.4}% 26
\BOOKMARK [0][-]{chapter.5}{\376\377\000Z\000a\000s\000t\000o\000s\000o\000w\000a\000n\000e\000\040\000m\000e\000t\000o\000d\000y\000\040\000i\000\040\000a\000l\000g\000o\000r\000y\000t\000m\000y}{}% 27
\BOOKMARK [1][-]{section.5.1}{\376\377\000P\000r\000z\000y\000g\000o\000t\000o\000w\000a\000n\000i\000e\000\040\000d\000a\000n\000y\000c\000h\000\040\000w\000e\000j\001\133\000c\000i\000o\000w\000y\000c\000h}{chapter.5}% 28
\BOOKMARK [1][-]{section.5.2}{\376\377\000M\000e\000t\000o\000d\000a\000\040\000i\000d\000e\000n\000t\000y\000f\000i\000k\000a\000c\000j\000i\000\040\000t\000w\000a\000r\000z\000y}{chapter.5}% 29
\BOOKMARK [1][-]{section.5.3}{\376\377\000M\000e\000t\000o\000d\000a\000\040\000i\000d\000e\000n\000t\000y\000f\000i\000k\000a\000c\000j\000i\000\040\000o\000d\000c\000i\000s\000k\000u\000\040\000p\000a\000l\000c\000a}{chapter.5}% 30
\BOOKMARK [1][-]{section.5.4}{\376\377\000P\000a\000r\000a\000m\000e\000t\000r\000y\000\040\000d\000e\000c\000y\000z\000y\000j\000n\000e\000\040\000s\000y\000s\000t\000e\000m\000u}{chapter.5}% 31
\BOOKMARK [1][-]{section.5.5}{\376\377\000U\000z\000a\000s\000a\000d\000n\000i\000e\000n\000i\000e\000\040\000w\000y\000b\000o\000r\000u\000\040\000m\000e\000t\000o\000d}{chapter.5}% 32
\BOOKMARK [0][-]{chapter.6}{\376\377\000A\000r\000c\000h\000i\000t\000e\000k\000t\000u\000r\000a\000\040\000a\000p\000l\000i\000k\000a\000c\000j\000i}{}% 33
\BOOKMARK [1][-]{section.6.1}{\376\377\000O\000g\000\363\000l\000n\000a\000\040\000a\000r\000c\000h\000i\000t\000e\000k\000t\000u\000r\000a\000\040\000s\000y\000s\000t\000e\000m\000u}{chapter.6}% 34
\BOOKMARK [1][-]{section.6.2}{\376\377\000P\000o\000d\000z\000i\000a\001\102\000\040\000n\000a\000\040\000w\000a\000r\000s\000t\000w\000y\000\040\000i\000\040\000m\000o\000d\000u\001\102\000y}{chapter.6}% 35
\BOOKMARK [1][-]{section.6.3}{\376\377\000S\000t\000r\000u\000k\000t\000u\000r\000a\000\040\000p\000r\000o\000j\000e\000k\000t\000u\000\040\000i\000\040\000o\000r\000g\000a\000n\000i\000z\000a\000c\000j\000a\000\040\000k\000o\000d\000u}{chapter.6}% 36
\BOOKMARK [1][-]{section.6.4}{\376\377\000Z\000a\000s\000t\000o\000s\000o\000w\000a\000n\000e\000\040\000w\000z\000o\000r\000c\000e\000\040\000i\000\040\000z\000a\000s\000a\000d\000y\000\040\000p\000r\000o\000j\000e\000k\000t\000o\000w\000e}{chapter.6}% 37
\BOOKMARK [1][-]{section.6.5}{\376\377\000W\000a\000l\000i\000d\000a\000c\000j\000a\000\040\000d\000a\000n\000y\000c\000h}{chapter.6}% 38
\BOOKMARK [1][-]{section.6.6}{\376\377\000O\000b\000s\001\102\000u\000g\000a\000\040\000b\001\102\001\031\000d\000\363\000w\000\040\000i\000\040\000w\000y\000j\001\005\000t\000k\000\363\000w}{chapter.6}% 39
\BOOKMARK [1][-]{section.6.7}{\376\377\000C\000z\000y\000t\000e\000l\000n\000o\001\133\001\007\000\040\000i\000\040\000u\000t\000r\000z\000y\000m\000a\000n\000i\000e\000\040\000p\000r\000o\000j\000e\000k\000t\000u}{chapter.6}% 40
\BOOKMARK [0][-]{chapter.7}{\376\377\000T\000e\000c\000h\000n\000o\000l\000o\000g\000i\000e\000\040\000w\000y\000k\000o\000r\000z\000y\000s\000t\000a\000n\000e\000\040\000w\000\040\000p\000r\000o\000j\000e\000k\000c\000i\000e}{}% 41
\BOOKMARK [1][-]{section.7.1}{\376\377\001\132\000r\000o\000d\000o\000w\000i\000s\000k\000o\000\040\000p\000r\000o\000g\000r\000a\000m\000i\000s\000t\000y\000c\000z\000n\000e}{chapter.7}% 42
\BOOKMARK [1][-]{section.7.2}{\376\377\000T\000e\000c\000h\000n\000o\000l\000o\000g\000i\000e\000\040\000i\000n\000t\000e\000r\000f\000e\000j\000s\000u\000\040\000u\001\174\000y\000t\000k\000o\000w\000n\000i\000k\000a}{chapter.7}% 43
\BOOKMARK [1][-]{section.7.3}{\376\377\000T\000e\000c\000h\000n\000o\000l\000o\000g\000i\000e\000\040\000d\000o\000s\000t\001\031\000p\000u\000\040\000d\000o\000\040\000d\000a\000n\000y\000c\000h}{chapter.7}% 44
\BOOKMARK [1][-]{section.7.4}{\376\377\000B\000i\000b\000l\000i\000o\000t\000e\000k\000i\000\040\000d\000o\000\040\000p\000r\000z\000e\000t\000w\000a\000r\000z\000a\000n\000i\000a\000\040\000o\000b\000r\000a\000z\000u\000\040\000i\000\040\000b\000i\000o\000m\000e\000t\000r\000i\000i}{chapter.7}% 45
\BOOKMARK [1][-]{section.7.5}{\376\377\000N\000a\000r\000z\001\031\000d\000z\000i\000a\000\040\000p\000o\000m\000o\000c\000n\000i\000c\000z\000e\000\040\000i\000\040\000o\000r\000g\000a\000n\000i\000z\000a\000c\000y\000j\000n\000e}{chapter.7}% 46
\BOOKMARK [1][-]{section.7.6}{\376\377\000U\000z\000a\000s\000a\000d\000n\000i\000e\000n\000i\000e\000\040\000w\000y\000b\000o\000r\000u\000\040\000t\000e\000c\000h\000n\000o\000l\000o\000g\000i\000i}{chapter.7}% 47
\BOOKMARK [0][-]{chapter.8}{\376\377\000P\000r\000o\000j\000e\000k\000t\000\040\000b\000a\000z\000y\000\040\000d\000a\000n\000y\000c\000h\000\040\000i\000\040\000m\000o\000d\000e\000l\000\040\000d\000a\000n\000y\000c\000h}{}% 48
\BOOKMARK [1][-]{section.8.1}{\376\377\000Z\000a\001\102\000o\001\174\000e\000n\000i\000a\000\040\000m\000o\000d\000e\000l\000u\000\040\000d\000a\000n\000y\000c\000h}{chapter.8}% 49
\BOOKMARK [1][-]{section.8.2}{\376\377\000O\000p\000i\000s\000\040\000g\001\102\000\363\000w\000n\000y\000c\000h\000\040\000e\000n\000c\000j\000i}{chapter.8}% 50
\BOOKMARK [1][-]{section.8.3}{\376\377\000R\000e\000l\000a\000c\000j\000e\000\040\000m\000i\001\031\000d\000z\000y\000\040\000t\000a\000b\000e\000l\000a\000m\000i}{chapter.8}% 51
\BOOKMARK [1][-]{section.8.4}{\376\377\000D\000i\000a\000g\000r\000a\000m\000\040\000E\000R\000D}{chapter.8}% 52
\BOOKMARK [1][-]{section.8.5}{\376\377\000I\000n\000t\000e\000g\000r\000a\000l\000n\000o\001\133\001\007\000\040\000d\000a\000n\000y\000c\000h}{chapter.8}% 53
\BOOKMARK [1][-]{section.8.6}{\376\377\000S\000k\000r\000y\000p\000t\000y\000\040\000b\000a\000z\000y\000\040\000d\000a\000n\000y\000c\000h\000\040\000i\000\040\000m\000i\000g\000r\000a\000c\000j\000e}{chapter.8}% 54
\BOOKMARK [1][-]{section.8.7}{\376\377\000U\000z\000a\000s\000a\000d\000n\000i\000e\000n\000i\000e\000\040\000p\000r\000z\000y\000j\001\031\000t\000e\000g\000o\000\040\000m\000o\000d\000e\000l\000u\000\040\000d\000a\000n\000y\000c\000h}{chapter.8}% 55
\BOOKMARK [0][-]{chapter.9}{\376\377\000I\000m\000p\000l\000e\000m\000e\000n\000t\000a\000c\000j\000a\000\040\000a\000p\000l\000i\000k\000a\000c\000j\000i}{}% 56
\BOOKMARK [1][-]{section.9.1}{\376\377\000N\000a\000j\000w\000a\001\174\000n\000i\000e\000j\000s\000z\000e\000\040\000m\000o\000d\000u\001\102\000y\000\040\000s\000y\000s\000t\000e\000m\000u}{chapter.9}% 57
\BOOKMARK [1][-]{section.9.2}{\376\377\000I\000m\000p\000l\000e\000m\000e\000n\000t\000a\000c\000j\000a\000\040\000r\000e\000j\000e\000s\000t\000r\000a\000c\000j\000i\000\040\000o\000s\000o\000b\000y}{chapter.9}% 58
\BOOKMARK [1][-]{section.9.3}{\376\377\000I\000m\000p\000l\000e\000m\000e\000n\000t\000a\000c\000j\000a\000\040\000p\000r\000o\000c\000e\000s\000u\000\040\000b\000i\000o\000m\000e\000t\000r\000y\000c\000z\000n\000e\000g\000o}{chapter.9}% 59
\BOOKMARK [2][-]{subsection.9.3.1}{\376\377\000I\000m\000p\000l\000e\000m\000e\000n\000t\000a\000c\000j\000a\000\040\000i\000d\000e\000n\000t\000y\000f\000i\000k\000a\000c\000j\000i\000\040\000t\000w\000a\000r\000z\000y}{section.9.3}% 60
\BOOKMARK [2][-]{subsection.9.3.2}{\376\377\000I\000m\000p\000l\000e\000m\000e\000n\000t\000a\000c\000j\000a\000\040\000i\000d\000e\000n\000t\000y\000f\000i\000k\000a\000c\000j\000i\000\040\000o\000d\000c\000i\000s\000k\000u\000\040\000p\000a\000l\000c\000a}{section.9.3}% 61
\BOOKMARK [2][-]{subsection.9.3.3}{\376\377\000Z\000a\000p\000i\000s\000\040\000w\000y\000n\000i\000k\000u\000\040\000i\000d\000e\000n\000t\000y\000f\000i\000k\000a\000c\000j\000i\000\040\000w\000\040\000h\000i\000s\000t\000o\000r\000i\000i}{section.9.3}% 62
\BOOKMARK [1][-]{section.9.4}{\376\377\000I\000m\000p\000l\000e\000m\000e\000n\000t\000a\000c\000j\000a\000\040\000l\000o\000g\000o\000w\000a\000n\000i\000a\000\040\000i\000\040\000a\000u\000t\000o\000r\000y\000z\000a\000c\000j\000i}{chapter.9}% 63
\BOOKMARK [1][-]{section.9.5}{\376\377\000O\000p\000e\000r\000a\000c\000j\000e\000\040\000C\000R\000U\000D}{chapter.9}% 64
\BOOKMARK [1][-]{section.9.6}{\376\377\000N\000a\000w\000i\000g\000a\000c\000j\000a\000\040\000i\000\040\000p\000r\000z\000e\000p\001\102\000y\000w\000\040\000d\000a\000n\000y\000c\000h\000\040\000w\000\040\000a\000p\000l\000i\000k\000a\000c\000j\000i}{chapter.9}% 65
\BOOKMARK [0][-]{chapter.10}{\376\377\000P\000r\000e\000z\000e\000n\000t\000a\000c\000j\000a\000\040\000w\000a\000r\000s\000t\000w\000y\000\040\000u\001\174\000y\000t\000k\000o\000w\000e\000j}{}% 66
\BOOKMARK [1][-]{section.10.1}{\376\377\000O\000g\000\363\000l\000n\000y\000\040\000u\000k\001\102\000a\000d\000\040\000i\000n\000t\000e\000r\000f\000e\000j\000s\000u}{chapter.10}% 67
\BOOKMARK [1][-]{section.10.2}{\376\377\000E\000k\000r\000a\000n\000\040\000l\000o\000g\000o\000w\000a\000n\000i\000a}{chapter.10}% 68
\BOOKMARK [1][-]{section.10.3}{\376\377\000P\000a\000n\000e\000l\000\040\000g\001\102\000\363\000w\000n\000y\000\040\000a\000p\000l\000i\000k\000a\000c\000j\000i}{chapter.10}% 69
\BOOKMARK [1][-]{section.10.4}{\376\377\000R\000e\000j\000e\000s\000t\000r\000\040\000o\000s\000\363\000b\000\040\000i\000\040\000p\000r\000o\000f\000i\000l\000\040\000o\000s\000o\000b\000y}{chapter.10}% 70
\BOOKMARK [1][-]{section.10.5}{\376\377\000W\000i\000d\000o\000k\000\040\000i\000d\000e\000n\000t\000y\000f\000i\000k\000a\000c\000j\000i\000\040\000t\000w\000a\000r\000z\000y}{chapter.10}% 71
\BOOKMARK [1][-]{section.10.6}{\376\377\000W\000i\000d\000o\000k\000\040\000i\000d\000e\000n\000t\000y\000f\000i\000k\000a\000c\000j\000i\000\040\000o\000d\000c\000i\000s\000k\000u\000\040\000p\000a\000l\000c\000a}{chapter.10}% 72
\BOOKMARK [1][-]{section.10.7}{\376\377\000H\000i\000s\000t\000o\000r\000i\000a\000\040\000p\000r\000\363\000b\000\040\000i\000d\000e\000n\000t\000y\000f\000i\000k\000a\000c\000j\000i}{chapter.10}% 73
\BOOKMARK [1][-]{section.10.8}{\376\377\000U\000s\000t\000a\000w\000i\000e\000n\000i\000a\000\040\000s\000y\000s\000t\000e\000m\000u}{chapter.10}% 74
\BOOKMARK [1][-]{section.10.9}{\376\377\000K\000o\000m\000u\000n\000i\000k\000a\000t\000y\000\040\000i\000\040\000i\000n\000f\000o\000r\000m\000a\000c\000j\000e\000\040\000z\000w\000r\000o\000t\000n\000e\000\040\000d\000l\000a\000\040\000o\000p\000e\000r\000a\000t\000o\000r\000a}{chapter.10}% 75
\BOOKMARK [0][-]{chapter.11}{\376\377\000W\000y\000n\000i\000k\000i\000,\000\040\000t\000e\000s\000t\000y\000\040\000i\000\040\000a\000n\000a\000l\000i\000z\000a\000\040\000s\000k\000u\000t\000e\000c\000z\000n\000o\001\133\000c\000i}{}% 76
\BOOKMARK [1][-]{section.11.1}{\376\377\000O\000p\000i\000s\000\040\000p\000r\000z\000y\000g\000o\000t\000o\000w\000a\000n\000y\000c\000h\000\040\000t\000e\000s\000t\000\363\000w}{chapter.11}% 77
\BOOKMARK [1][-]{section.11.2}{\376\377\000D\000a\000n\000e\000\040\000t\000e\000s\000t\000o\000w\000e}{chapter.11}% 78
\BOOKMARK [1][-]{section.11.3}{\376\377\000W\000y\000n\000i\000k\000i\000\040\000d\000z\000i\000a\001\102\000a\000n\000i\000a\000\040\000s\000y\000s\000t\000e\000m\000u}{chapter.11}% 79
\BOOKMARK [2][-]{subsection.11.3.1}{\376\377\000W\000y\000n\000i\000k\000i\000\040\000i\000d\000e\000n\000t\000y\000f\000i\000k\000a\000c\000j\000i\000\040\000t\000w\000a\000r\000z\000y}{section.11.3}% 80
\BOOKMARK [2][-]{subsection.11.3.2}{\376\377\000W\000y\000n\000i\000k\000i\000\040\000i\000d\000e\000n\000t\000y\000f\000i\000k\000a\000c\000j\000i\000\040\000o\000d\000c\000i\000s\000k\000u\000\040\000p\000a\000l\000c\000a}{section.11.3}% 81
\BOOKMARK [1][-]{section.11.4}{\376\377\000A\000n\000a\000l\000i\000z\000a\000\040\000p\000o\000p\000r\000a\000w\000n\000y\000c\000h\000\040\000i\000\040\000b\001\102\001\031\000d\000n\000y\000c\000h\000\040\000r\000o\000z\000p\000o\000z\000n\000a\001\104}{chapter.11}% 82
\BOOKMARK [1][-]{section.11.5}{\376\377\000W\000p\001\102\000y\000w\000\040\000p\000a\000r\000a\000m\000e\000t\000r\000\363\000w\000\040\000n\000a\000\040\000d\000z\000i\000a\001\102\000a\000n\000i\000e\000\040\000s\000y\000s\000t\000e\000m\000u}{chapter.11}% 83
\BOOKMARK [1][-]{section.11.6}{\376\377\000W\000n\000i\000o\000s\000k\000i\000\040\000z\000\040\000e\000k\000s\000p\000e\000r\000y\000m\000e\000n\000t\000\363\000w}{chapter.11}% 84
\BOOKMARK [0][-]{chapter.12}{\376\377\000A\000n\000a\000l\000i\000z\000a\000\040\000b\000e\000z\000p\000i\000e\000c\000z\000e\001\104\000s\000t\000w\000a\000\040\000s\000y\000s\000t\000e\000m\000u}{}% 85
\BOOKMARK [1][-]{section.12.1}{\376\377\000P\000o\000t\000e\000n\000c\000j\000a\000l\000n\000e\000\040\000z\000a\000g\000r\000o\001\174\000e\000n\000i\000a}{chapter.12}% 86
\BOOKMARK [1][-]{section.12.2}{\376\377\000R\000y\000z\000y\000k\000o\000\040\000f\000a\001\102\000s\000z\000o\000w\000a\000n\000i\000a\000\040\000d\000a\000n\000y\000c\000h\000\040\000b\000i\000o\000m\000e\000t\000r\000y\000c\000z\000n\000y\000c\000h}{chapter.12}% 87
\BOOKMARK [1][-]{section.12.3}{\376\377\000B\001\102\001\031\000d\000y\000\040\000i\000d\000e\000n\000t\000y\000f\000i\000k\000a\000c\000j\000i}{chapter.12}% 88
\BOOKMARK [1][-]{section.12.4}{\376\377\000O\000c\000e\000n\000a\000\040\000o\000d\000p\000o\000r\000n\000o\001\133\000c\000i\000\040\000s\000y\000s\000t\000e\000m\000u}{chapter.12}% 89
\BOOKMARK [1][-]{section.12.5}{\376\377\000M\000o\001\174\000l\000i\000w\000e\000\040\000u\000s\000p\000r\000a\000w\000n\000i\000e\000n\000i\000a\000\040\000b\000e\000z\000p\000i\000e\000c\000z\000e\001\104\000s\000t\000w\000a}{chapter.12}% 90
\BOOKMARK [0][-]{chapter.13}{\376\377\000H\000a\000r\000m\000o\000n\000o\000g\000r\000a\000m\000\040\000r\000e\000a\000l\000i\000z\000a\000c\000j\000i\000\040\000p\000r\000o\000j\000e\000k\000t\000u}{}% 91
\BOOKMARK [1][-]{section.13.1}{\376\377\000E\000t\000a\000p\000y\000\040\000r\000e\000a\000l\000i\000z\000a\000c\000j\000i}{chapter.13}% 92
\BOOKMARK [1][-]{section.13.2}{\376\377\000H\000a\000r\000m\000o\000n\000o\000g\000r\000a\000m\000\040\000p\000r\000a\000c}{chapter.13}% 93
\BOOKMARK [1][-]{section.13.3}{\376\377\000P\000o\000d\000z\000i\000a\001\102\000\040\000p\000r\000a\000c\000y}{chapter.13}% 94
\BOOKMARK [0][-]{chapter.14}{\376\377\000I\000n\000s\000t\000r\000u\000k\000c\000j\000a\000\040\000u\000r\000u\000c\000h\000o\000m\000i\000e\000n\000i\000a\000\040\000p\000r\000o\000j\000e\000k\000t\000u}{}% 95
\BOOKMARK [1][-]{section.14.1}{\376\377\000W\000y\000m\000a\000g\000a\000n\000i\000a\000\040\000s\000y\000s\000t\000e\000m\000o\000w\000e}{chapter.14}% 96
\BOOKMARK [1][-]{section.14.2}{\376\377\000K\000o\000n\000f\000i\000g\000u\000r\000a\000c\000j\000a\000\040\001\133\000r\000o\000d\000o\000w\000i\000s\000k\000a}{chapter.14}% 97
\BOOKMARK [1][-]{section.14.3}{\376\377\000K\000o\000n\000f\000i\000g\000u\000r\000a\000c\000j\000a\000\040\000b\000a\000z\000y\000\040\000d\000a\000n\000y\000c\000h}{chapter.14}% 98
\BOOKMARK [1][-]{section.14.4}{\376\377\000U\000r\000u\000c\000h\000o\000m\000i\000e\000n\000i\000e\000\040\000a\000p\000l\000i\000k\000a\000c\000j\000i}{chapter.14}% 99
\BOOKMARK [1][-]{section.14.5}{\376\377\000D\000a\000n\000e\000\040\000t\000e\000s\000t\000o\000w\000e\000\040\000i\000\040\000k\000o\000n\000t\000a\000\040\000t\000e\000s\000t\000o\000w\000e}{chapter.14}% 100
\BOOKMARK [0][-]{chapter.15}{\376\377\000P\000o\000d\000s\000u\000m\000o\000w\000a\000n\000i\000e\000\040\000i\000\040\000w\000n\000i\000o\000s\000k\000i\000\040\000k\000o\001\104\000c\000o\000w\000e}{}% 101
\BOOKMARK [1][-]{section.15.1}{\376\377\000O\000c\000e\000n\000a\000\040\000r\000e\000a\000l\000i\000z\000a\000c\000j\000i\000\040\000z\000a\001\102\000o\001\174\000e\001\104}{chapter.15}% 102
\BOOKMARK [1][-]{section.15.2}{\376\377\000N\000a\000p\000o\000t\000k\000a\000n\000e\000\040\000p\000r\000o\000b\000l\000e\000m\000y}{chapter.15}% 103
\BOOKMARK [1][-]{section.15.3}{\376\377\000O\000c\000e\000n\000a\000\040\000s\000k\000u\000t\000e\000c\000z\000n\000o\001\133\000c\000i\000\040\000r\000o\000z\000w\000i\001\005\000z\000a\000n\000i\000a}{chapter.15}% 104
\BOOKMARK [1][-]{section.15.4}{\376\377\000M\000o\001\174\000l\000i\000w\000o\001\133\000c\000i\000\040\000z\000a\000s\000t\000o\000s\000o\000w\000a\000n\000i\000a\000\040\000s\000y\000s\000t\000e\000m\000u}{chapter.15}% 105
\BOOKMARK [1][-]{section.15.5}{\376\377\000K\000i\000e\000r\000u\000n\000k\000i\000\040\000d\000a\000l\000s\000z\000e\000g\000o\000\040\000r\000o\000z\000w\000o\000j\000u}{chapter.15}% 106
\BOOKMARK [0][-]{section.15.5}{\376\377\000B\000i\000b\000l\000i\000o\000g\000r\000a\000f\000i\000a}{}% 107
\BOOKMARK [0][-]{chapter*.18}{\376\377\000S\000p\000i\000s\000\040\000r\000y\000s\000u\000n\000k\000\363\000w}{}% 108
\BOOKMARK [0][-]{chapter*.18}{\376\377\000S\000p\000i\000s\000\040\000t\000a\000b\000e\000l}{}% 109
\BOOKMARK [0][-]{chapter*.18}{\376\377\000S\000p\000i\000s\000\040\000l\000i\000s\000t\000i\000n\000g\000\363\000w}{}% 110
\BOOKMARK [1][-]{chapter*.20}{\376\377\000O\001\133\000w\000i\000a\000d\000c\000z\000e\000n\000i\000e\000\040\000s\000t\000u\000d\000e\000n\000t\000a\000\040\000o\000\040\000s\000a\000m\000o\000d\000z\000i\000e\000l\000n\000o\001\133\000c\000i\000\040\000p\000r\000a\000c\000y}{chapter*.18}% 111
