This is pdfTeX, Version 3.141592653-2.6-1.40.29 (MiKTeX 26.2) (preloaded format=pdflatex 2026.3.29)  14 JUN 2026 20:26
entering extended mode
 restricted \write18 enabled.
 file:line:error style messages enabled.
 %&-line parsing enabled.
**"c:/Users/Lisek User/source/repos/IdentityCore/BSZLatex/praca.tex"
(c:/Users/Lisek User/source/repos/IdentityCore/BSZLatex/praca.tex
LaTeX2e <2025-11-01>
L3 programming layer <2026-01-19>
(urdpl.cls
Document Class: urdpl 2025/12/18 v2.0 UR diploma class
*** [urdpl.cls] --- (ZG, EZ) v2.1 <25.02.2026> *** (C:\MiKTeX\tex/latex/base\report.cls
Document Class: report 2025/01/22 v1.4n Standard LaTeX document class
(C:\MiKTeX\tex/latex/base\size10.clo
File: size10.clo 2025/01/22 v1.4n Standard LaTeX file (size option)
)
\c@part=\count275
\c@chapter=\count276
\c@section=\count277
\c@subsection=\count278
\c@subsubsection=\count279
\c@paragraph=\count280
\c@subparagraph=\count281
\c@figure=\count282
\c@table=\count283
\abovecaptionskip=\skip49
\belowcaptionskip=\skip50
\bibindent=\dimen148
) (C:\MiKTeX\tex/latex/base\fontenc.sty
Package: fontenc 2025/07/18 v2.1d Standard LaTeX package
) (C:\MiKTeX\tex/latex/psnfss\times.sty
Package: times 2020/03/25 PSNFSS-v9.3 (SPQR) 
) (C:\MiKTeX\tex/latex/graphics\graphicx.sty
Package: graphicx 2024/12/31 v1.2e Enhanced LaTeX Graphics (DPC,SPQR)
 (C:\MiKTeX\tex/latex/graphics\keyval.sty
Package: keyval 2022/05/29 v1.15 key=value parser (DPC)
\KV@toks@=\toks17
) (C:\MiKTeX\tex/latex/graphics\graphics.sty
Package: graphics 2024/08/06 v1.4g Standard LaTeX Graphics (DPC,SPQR)
 (C:\MiKTeX\tex/latex/graphics\trig.sty
Package: trig 2023/12/02 v1.11 sin cos tan (DPC)
) (C:\MiKTeX\tex/latex/graphics-cfg\graphics.cfg
File: graphics.cfg 2016/06/04 v1.11 sample graphics configuration
)
Package graphics Info: Driver file: pdftex.def on input line 106.
 (C:\MiKTeX\tex/latex/graphics-def\pdftex.def
File: pdftex.def 2025/09/29 v1.2d Graphics/color driver for pdftex
))
\Gin@req@height=\dimen149
\Gin@req@width=\dimen150
) (C:\MiKTeX\tex/latex/geometry\geometry.sty
Package: geometry 2026/03/07 v6.0 Page Geometry
 (C:\MiKTeX\tex/generic/iftex\ifvtex.sty
Package: ifvtex 2019/10/25 v1.7 ifvtex legacy package. Use iftex instead.
 (C:\MiKTeX\tex/generic/iftex\iftex.sty
Package: iftex 2024/12/12 v1.0g TeX engine tests
))
\Gm@cnth=\count284
\Gm@cntv=\count285
\c@Gm@tempcnt=\count286
\Gm@bindingoffset=\dimen151
\Gm@wd@mp=\dimen152
\Gm@odd@mp=\dimen153
\Gm@even@mp=\dimen154
\Gm@layoutwidth=\dimen155
\Gm@layoutheight=\dimen156
\Gm@layouthoffset=\dimen157
\Gm@layoutvoffset=\dimen158
\Gm@dimlist=\toks18
 (C:\MiKTeX\tex/latex/geometry\geometry.cfg)) (C:\MiKTeX\tex/latex/xcolor\xcolor.sty
Package: xcolor 2024/09/29 v3.02 LaTeX color extensions (UK)
 (C:\MiKTeX\tex/latex/graphics-cfg\color.cfg
File: color.cfg 2016/01/02 v1.6 sample color configuration
)
Package xcolor Info: Driver file: pdftex.def on input line 274.
 (C:\MiKTeX\tex/latex/graphics\mathcolor.ltx)
Package xcolor Info: Model `cmy' substituted by `cmy0' on input line 1349.
Package xcolor Info: Model `hsb' substituted by `rgb' on input line 1353.
Package xcolor Info: Model `RGB' extended on input line 1365.
Package xcolor Info: Model `HTML' substituted by `rgb' on input line 1367.
Package xcolor Info: Model `Hsb' substituted by `hsb' on input line 1368.
Package xcolor Info: Model `tHsb' substituted by `hsb' on input line 1369.
Package xcolor Info: Model `HSB' substituted by `hsb' on input line 1370.
Package xcolor Info: Model `Gray' substituted by `gray' on input line 1371.
Package xcolor Info: Model `wave' substituted by `hsb' on input line 1372.
) (C:\MiKTeX\tex/latex/graphics\dvipsnam.def
File: dvipsnam.def 2016/06/17 v3.0m Driver-dependent file (DPC,SPQR)
) (C:\MiKTeX\tex/latex/fancyhdr\fancyhdr.sty
Package: fancyhdr 2025/02/07 v5.2 Extensive control of page headers and footers
\f@nch@headwidth=\skip51
\f@nch@offset@elh=\skip52
\f@nch@offset@erh=\skip53
\f@nch@offset@olh=\skip54
\f@nch@offset@orh=\skip55
\f@nch@offset@elf=\skip56
\f@nch@offset@erf=\skip57
\f@nch@offset@olf=\skip58
\f@nch@offset@orf=\skip59
\f@nch@height=\skip60
\f@nch@footalignment=\skip61
\f@nch@widthL=\skip62
\f@nch@widthC=\skip63
\f@nch@widthR=\skip64
\@temptokenb=\toks19
) (C:\MiKTeX\tex/latex/url\url.sty
\Urlmuskip=\muskip17
Package: url 2013/09/16  ver 3.4  Verb mode for urls, etc.
) (C:\MiKTeX\tex/latex/titlesec\titlesec.sty
Package: titlesec 2025/01/04 v2.17 Sectioning titles
\ttl@box=\box53
\beforetitleunit=\skip65
\aftertitleunit=\skip66
\ttl@plus=\dimen159
\ttl@minus=\dimen160
\ttl@toksa=\toks20
\titlewidth=\dimen161
\titlewidthlast=\dimen162
\titlewidthfirst=\dimen163
) (C:\MiKTeX\tex/latex/tocloft\tocloft.sty
Package: tocloft 2017/08/31 v2.3i parameterised ToC, etc., typesetting
Package tocloft Info: The document has chapter divisions on input line 51.
\cftparskip=\skip67
\cftbeforetoctitleskip=\skip68
\cftaftertoctitleskip=\skip69
\cftbeforepartskip=\skip70
\cftpartnumwidth=\skip71
\cftpartindent=\skip72
\cftbeforechapskip=\skip73
\cftchapindent=\skip74
\cftchapnumwidth=\skip75
\cftbeforesecskip=\skip76
\cftsecindent=\skip77
\cftsecnumwidth=\skip78
\cftbeforesubsecskip=\skip79
\cftsubsecindent=\skip80
\cftsubsecnumwidth=\skip81
\cftbeforesubsubsecskip=\skip82
\cftsubsubsecindent=\skip83
\cftsubsubsecnumwidth=\skip84
\cftbeforeparaskip=\skip85
\cftparaindent=\skip86
\cftparanumwidth=\skip87
\cftbeforesubparaskip=\skip88
\cftsubparaindent=\skip89
\cftsubparanumwidth=\skip90
\cftbeforeloftitleskip=\skip91
\cftafterloftitleskip=\skip92
\cftbeforefigskip=\skip93
\cftfigindent=\skip94
\cftfignumwidth=\skip95
\c@lofdepth=\count287
\c@lotdepth=\count288
\cftbeforelottitleskip=\skip96
\cftafterlottitleskip=\skip97
\cftbeforetabskip=\skip98
\cfttabindent=\skip99
\cfttabnumwidth=\skip100
) (C:\MiKTeX\tex/latex/caption\caption.sty
Package: caption 2023/08/05 v3.6o Customizing captions (AR)
 (C:\MiKTeX\tex/latex/caption\caption3.sty
Package: caption3 2023/07/31 v2.4d caption3 kernel (AR)
\caption@tempdima=\dimen164
\captionmargin=\dimen165
\caption@leftmargin=\dimen166
\caption@rightmargin=\dimen167
\caption@width=\dimen168
\caption@indent=\dimen169
\caption@parindent=\dimen170
\caption@hangindent=\dimen171
Package caption Info: Standard document class detected.
)
\c@caption@flags=\count289
\c@continuedfloat=\count290
) (C:\MiKTeX\tex/latex/caption\subcaption.sty
Package: subcaption 2023/07/28 v1.6b Sub-captions (AR)
Package caption Info: New subtype `subfigure' on input line 238.
\c@subfigure=\count291
Package caption Info: New subtype `subtable' on input line 238.
\c@subtable=\count292
) (C:\MiKTeX\tex/latex/siunitx\siunitx.sty
Package: siunitx 2026-03-26 v3.5.1 A comprehensive (SI) units package
\l__siunitx_number_uncert_offset_int=\count293
\l__siunitx_number_exponent_fixed_int=\count294
\l__siunitx_number_min_decimal_int=\count295
\l__siunitx_number_min_integer_int=\count296
\l__siunitx_number_round_precision_int=\count297
\l__siunitx_number_lower_threshold_int=\count298
\l__siunitx_number_upper_threshold_int=\count299
\l__siunitx_number_group_first_int=\count300
\l__siunitx_number_group_size_int=\count301
\l__siunitx_number_group_min_int=\count302
\l__siunitx_number_group_minimum_int=\count303
\l__siunitx_compound_count_int=\count304
 (C:\MiKTeX\tex/latex/translations\translations.sty
Package: translations 2022/02/05 v1.12 internationalization of LaTeX2e packages (CN)
 (C:\MiKTeX\tex/latex/etoolbox\etoolbox.sty
Package: etoolbox 2025/10/02 v2.5m e-TeX tools for LaTeX (JAW)
\etb@tempcnta=\count305
) (C:\MiKTeX\tex/generic/pdftexcmds\pdftexcmds.sty
Package: pdftexcmds 2020-06-27 v0.33 Utility functions of pdfTeX for LuaTeX (HO)
 (C:\MiKTeX\tex/generic/infwarerr\infwarerr.sty
Package: infwarerr 2019/12/03 v1.5 Providing info/warning/error messages (HO)
) (C:\MiKTeX\tex/generic/ltxcmds\ltxcmds.sty
Package: ltxcmds 2023-12-04 v1.26 LaTeX kernel commands for general use (HO)
)
Package pdftexcmds Info: \pdf@primitive is available.
Package pdftexcmds Info: \pdf@ifprimitive is available.
Package pdftexcmds Info: \pdfdraftmode found.
)) (C:\MiKTeX\tex/latex/amsmath\amstext.sty
Package: amstext 2024/11/17 v2.01 AMS text
 (C:\MiKTeX\tex/latex/amsmath\amsgen.sty
File: amsgen.sty 1999/11/30 v2.0 generic functions
\@emptytoks=\toks21
\ex@=\dimen172
))
\l__siunitx_table_tmp_box=\box54
\l__siunitx_table_tmp_dim=\dimen173
\l__siunitx_table_column_width_dim=\dimen174
\l__siunitx_table_integer_box=\box55
\l__siunitx_table_decimal_box=\box56
\l__siunitx_table_uncert_box=\box57
\l__siunitx_table_before_box=\box58
\l__siunitx_table_after_box=\box59
\l__siunitx_table_before_dim=\dimen175
\l__siunitx_table_carry_dim=\dimen176
\l__siunitx_unit_tmp_int=\count306
\l__siunitx_unit_position_int=\count307
\l__siunitx_unit_total_int=\count308
\l__siunitx_sexagesimal_tmp_dim=\dimen177
\l__siunitx_sexagesimal_marker_box=\box60
\l__siunitx_sexagesimal_unit_box=\box61
 (C:\MiKTeX\tex/latex/tools\array.sty
Package: array 2025/09/25 v2.6n Tabular extension package (FMi)
\col@sep=\dimen178
\ar@mcellbox=\box62
\extrarowheight=\dimen179
\NC@list=\toks22
\extratabsurround=\skip101
\backup@length=\skip102
\ar@cellbox=\box63
)) (C:\MiKTeX\tex/latex/tools\enumerate.sty
Package: enumerate 2023/07/04 v3.00 enumerate extensions (DPC)
\@enLab=\toks23
) (C:\MiKTeX\tex/latex/enumitem\enumitem.sty
Package: enumitem 2025/02/06 v3.11 Customized lists
\labelindent=\skip103
\enit@outerparindent=\dimen180
\enit@toks=\toks24
\enit@inbox=\box64
\enit@count@id=\count309
\enitdp@description=\count310
) (C:\MiKTeX\tex/latex/nowidow\nowidow.sty
Package: nowidow 2011/09/20 1.0 Easily prevent widows and orphans
Package: nowidow 
 (C:\MiKTeX\tex/latex/kvoptions\kvoptions.sty
Package: kvoptions 2022-06-15 v3.15 Key value format for package options (HO)
 (C:\MiKTeX\tex/latex/kvsetkeys\kvsetkeys.sty
Package: kvsetkeys 2022-10-05 v1.19 Key value parser (HO)
)))

Package fancyhdr Warning: \fancyhead's `E' option without twoside option is useless.
(fancyhdr)                Please consider using the `twoside' option on input line 100.


Package fancyhdr Warning: \fancyhead's `E' option without twoside option is useless.
(fancyhdr)                Please consider using the `twoside' option on input line 101.


Package fancyhdr Warning: \fancyfoot's `E' option without twoside option is useless.
(fancyhdr)                Please consider using the `twoside' option on input line 107.

\descriptiondashgap=\skip104
\eqwheremargin=\skip105
) (C:\MiKTeX\tex/generic/babel\babel.sty
Package: babel 2026/03/24 v26.5 The multilingual framework for LuaLaTeX, pdfLaTeX and XeLaTeX
\babel@savecnt=\count311
LaTeX Encoding Info:    Redeclaring text command \ij (encoding OT1) on input line 2078.
LaTeX Encoding Info:    Redeclaring text command \IJ (encoding OT1) on input line 2080.
LaTeX Encoding Info:    Redeclaring text command \ij (encoding T1) on input line 2082.
LaTeX Encoding Info:    Redeclaring text command \IJ (encoding T1) on input line 2083.
LaTeX Encoding Info:    Ignoring declaration for text command \ij (encoding ?) on input line 2084.
LaTeX Encoding Info:    Ignoring declaration for text command \IJ (encoding ?) on input line 2086.
LaTeX Encoding Info:    Ignoring declaration for text command \SS (encoding ?) on input line 2111.
\U@D=\dimen181
\l@unhyphenated=\language79
 (C:\MiKTeX\tex/generic/babel\txtbabel.def)
\bbl@readstream=\read2
\bbl@dirlevel=\count312
Package babel Info: Configuration files are deprecated, as
(babel)             they can break document portability.
(babel)             Reported on input line 4206.

*************************************
* Local config file bblopts.cfg used
*
(C:\MiKTeX\tex/latex/arabi\bblopts.cfg
File: bblopts.cfg 2005/09/08 v0.1 add Arabic and Farsi to "declared" options of babel
) (C:\MiKTeX\tex/generic/babel/locale/en\babel-english.tex) (C:\MiKTeX\tex/generic/babel/locale/pl\babel-polish.tex)
Package babel Info: Importing font and identification data for english
(babel)             from babel-en.ini. Reported on input line 4330.
 (C:\MiKTeX\tex/latex/babel-english\english.ldf
Language: english 2017/06/06 v3.3r English support from the babel system
Package babel Info: Hyphen rules for 'canadian' set to \l@english
(babel)             (\language0). Reported on input line 102.
Package babel Info: Hyphen rules for 'australian' set to \l@ukenglish
(babel)             (\language73). Reported on input line 105.
Package babel Info: Hyphen rules for 'newzealand' set to \l@ukenglish
(babel)             (\language73). Reported on input line 108.
)
Package babel Info: Importing font and identification data for polish
(babel)             from babel-pl.ini. Reported on input line 4330.
 (C:\MiKTeX\tex/latex/babel-polish\polish.ldf
Language: polish 2022/03/12 1.3 Babel support for Polish
Package babel Info: Making " an active character on input line 101.
)) (C:\MiKTeX\tex/latex/base\inputenc.sty
Package: inputenc 2024/02/08 v1.3d Input encoding file
\inpenc@prehook=\toks25
\inpenc@posthook=\toks26
) (C:\MiKTeX\tex/latex/mathtools\mathtools.sty
Package: mathtools 2024/10/04 v1.31 mathematical typesetting tools
 (C:\MiKTeX\tex/latex/tools\calc.sty
Package: calc 2025/03/01 v4.3b Infix arithmetic (KKT,FJ)
\calc@Acount=\count313
\calc@Bcount=\count314
\calc@Adimen=\dimen182
\calc@Bdimen=\dimen183
\calc@Askip=\skip106
\calc@Bskip=\skip107
LaTeX Info: Redefining \setlength on input line 86.
LaTeX Info: Redefining \addtolength on input line 87.
\calc@Ccount=\count315
\calc@Cskip=\skip108
) (C:\MiKTeX\tex/latex/mathtools\mhsetup.sty
Package: mhsetup 2021/03/18 v1.4 programming setup (MH)
) (C:\MiKTeX\tex/latex/amsmath\amsmath.sty
Package: amsmath 2025/07/09 v2.17z AMS math features
\@mathmargin=\skip109

For additional information on amsmath, use the `?' option.
(C:\MiKTeX\tex/latex/amsmath\amsbsy.sty
Package: amsbsy 1999/11/29 v1.2d Bold Symbols
\pmbraise@=\dimen184
) (C:\MiKTeX\tex/latex/amsmath\amsopn.sty
Package: amsopn 2022/04/08 v2.04 operator names
)
\inf@bad=\count316
LaTeX Info: Redefining \frac on input line 233.
\uproot@=\count317
\leftroot@=\count318
LaTeX Info: Redefining \overline on input line 398.
LaTeX Info: Redefining \colon on input line 409.
\classnum@=\count319
\DOTSCASE@=\count320
LaTeX Info: Redefining \ldots on input line 495.
LaTeX Info: Redefining \dots on input line 498.
LaTeX Info: Redefining \cdots on input line 619.
\Mathstrutbox@=\box65
\strutbox@=\box66
LaTeX Info: Redefining \big on input line 721.
LaTeX Info: Redefining \Big on input line 722.
LaTeX Info: Redefining \bigg on input line 723.
LaTeX Info: Redefining \Bigg on input line 724.
\big@size=\dimen185
LaTeX Font Info:    Redeclaring font encoding OML on input line 742.
LaTeX Font Info:    Redeclaring font encoding OMS on input line 743.
\macc@depth=\count321
LaTeX Info: Redefining \bmod on input line 904.
LaTeX Info: Redefining \pmod on input line 909.
LaTeX Info: Redefining \smash on input line 939.
LaTeX Info: Redefining \relbar on input line 969.
LaTeX Info: Redefining \Relbar on input line 970.
\c@MaxMatrixCols=\count322
\dotsspace@=\muskip18
\c@parentequation=\count323
\dspbrk@lvl=\count324
\tag@help=\toks27
\row@=\count325
\column@=\count326
\maxfields@=\count327
\andhelp@=\toks28
\eqnshift@=\dimen186
\alignsep@=\dimen187
\tagshift@=\dimen188
\tagwidth@=\dimen189
\totwidth@=\dimen190
\lineht@=\dimen191
\@envbody=\toks29
\multlinegap=\skip110
\multlinetaggap=\skip111
\mathdisplay@stack=\toks30
LaTeX Info: Redefining \[ on input line 2950.
LaTeX Info: Redefining \] on input line 2951.
)
\g_MT_multlinerow_int=\count328
\l_MT_multwidth_dim=\dimen192
\origjot=\skip112
\l_MT_shortvdotswithinadjustabove_dim=\dimen193
\l_MT_shortvdotswithinadjustbelow_dim=\dimen194
\l_MT_above_intertext_sep=\dimen195
\l_MT_below_intertext_sep=\dimen196
\l_MT_above_shortintertext_sep=\dimen197
\l_MT_below_shortintertext_sep=\dimen198
\xmathstrut@box=\box67
\xmathstrut@dim=\dimen199
) (C:\MiKTeX\tex/latex/amsfonts\amssymb.sty
Package: amssymb 2013/01/14 v3.01 AMS font symbols
 (C:\MiKTeX\tex/latex/amsfonts\amsfonts.sty
Package: amsfonts 2013/01/14 v3.01 Basic AMSFonts support
\symAMSa=\mathgroup4
\symAMSb=\mathgroup5
LaTeX Font Info:    Redeclaring math symbol \hbar on input line 98.
LaTeX Font Info:    Overwriting math alphabet `\mathfrak' in version `bold'
(Font)                  U/euf/m/n --> U/euf/b/n on input line 106.
)) (C:\MiKTeX\tex/latex/hyperref\hyperref.sty
Package: hyperref 2026-01-29 v7.01p Hypertext links for LaTeX
 (C:\MiKTeX\tex/generic/kvdefinekeys\kvdefinekeys.sty
Package: kvdefinekeys 2019-12-19 v1.6 Define keys (HO)
) (C:\MiKTeX\tex/generic/pdfescape\pdfescape.sty
Package: pdfescape 2019/12/09 v1.15 Implements pdfTeX's escape features (HO)
) (C:\MiKTeX\tex/latex/hycolor\hycolor.sty
Package: hycolor 2020-01-27 v1.10 Color options for hyperref/bookmark (HO)
) (C:\MiKTeX\tex/latex/hyperref\nameref.sty
Package: nameref 2026-01-29 v2.58 Cross-referencing by name of section
 (C:\MiKTeX\tex/latex/refcount\refcount.sty
Package: refcount 2019/12/15 v3.6 Data extraction from label references (HO)
) (C:\MiKTeX\tex/generic/gettitlestring\gettitlestring.sty
Package: gettitlestring 2019/12/15 v1.6 Cleanup title references (HO)
)
\c@section@level=\count329
) (C:\MiKTeX\tex/generic/stringenc\stringenc.sty
Package: stringenc 2019/11/29 v1.12 Convert strings between diff. encodings (HO)
)
\@linkdim=\dimen256
\Hy@linkcounter=\count330
\Hy@pagecounter=\count331
 (C:\MiKTeX\tex/latex/hyperref\pd1enc.def
File: pd1enc.def 2026-01-29 v7.01p Hyperref: PDFDocEncoding definition (HO)
Now handling font encoding PD1 ...
... no UTF-8 mapping file for font encoding PD1
) (C:\MiKTeX\tex/generic/intcalc\intcalc.sty
Package: intcalc 2019/12/15 v1.3 Expandable calculations with integers (HO)
)
\Hy@SavedSpaceFactor=\count332
 (C:\MiKTeX\tex/latex/hyperref\puenc.def
File: puenc.def 2026-01-29 v7.01p Hyperref: PDF Unicode definition (HO)
Now handling font encoding PU ...
... no UTF-8 mapping file for font encoding PU
)
Package hyperref Info: Hyper figures OFF on input line 4201.
Package hyperref Info: Link nesting OFF on input line 4206.
Package hyperref Info: Hyper index ON on input line 4209.
Package hyperref Info: Plain pages OFF on input line 4216.
Package hyperref Info: Backreferencing OFF on input line 4221.
Package hyperref Info: Implicit mode ON; LaTeX internals redefined.
Package hyperref Info: Bookmarks ON on input line 4468.
\c@Hy@tempcnt=\count333
LaTeX Info: Redefining \url on input line 4807.
\XeTeXLinkMargin=\dimen257
 (C:\MiKTeX\tex/generic/bitset\bitset.sty
Package: bitset 2019/12/09 v1.3 Handle bit-vector datatype (HO)
 (C:\MiKTeX\tex/generic/bigintcalc\bigintcalc.sty
Package: bigintcalc 2019/12/15 v1.5 Expandable calculations on big integers (HO)
))
\Fld@menulength=\count334
\Field@Width=\dimen258
\Fld@charsize=\dimen259
Package hyperref Info: Hyper figures OFF on input line 6084.
Package hyperref Info: Link nesting OFF on input line 6089.
Package hyperref Info: Hyper index ON on input line 6092.
Package hyperref Info: backreferencing OFF on input line 6099.
Package hyperref Info: Link coloring OFF on input line 6104.
Package hyperref Info: Link coloring with OCG OFF on input line 6109.
Package hyperref Info: PDF/A mode OFF on input line 6114.
\Hy@abspage=\count335
\c@Item=\count336
\c@Hfootnote=\count337
)
Package hyperref Info: Driver (autodetected): hpdftex.
 (C:\MiKTeX\tex/latex/hyperref\hpdftex.def
File: hpdftex.def 2026-01-29 v7.01p Hyperref driver for pdfTeX
\Fld@listcount=\count338
\c@bookmark@seq@number=\count339
 (C:\MiKTeX\tex/latex/rerunfilecheck\rerunfilecheck.sty
Package: rerunfilecheck 2025-06-21 v1.11 Rerun checks for auxiliary files (HO)
 (C:\MiKTeX\tex/generic/uniquecounter\uniquecounter.sty
Package: uniquecounter 2019/12/15 v1.4 Provide unlimited unique counter (HO)
)
Package uniquecounter Info: New unique counter `rerunfilecheck' on input line 284.
)
\Hy@SectionHShift=\skip113
) (C:\MiKTeX\tex/latex/float\float.sty
Package: float 2001/11/08 v1.3d Float enhancements (AL)
\c@float@type=\count340
\float@exts=\toks31
\float@box=\box68
\@float@everytoks=\toks32
\@floatcapt=\box69
) (C:\MiKTeX\tex/latex/booktabs\booktabs.sty
Package: booktabs 2020/01/12 v1.61803398 Publication quality tables
\heavyrulewidth=\dimen260
\lightrulewidth=\dimen261
\cmidrulewidth=\dimen262
\belowrulesep=\dimen263
\belowbottomsep=\dimen264
\aboverulesep=\dimen265
\abovetopsep=\dimen266
\cmidrulesep=\dimen267
\cmidrulekern=\dimen268
\defaultaddspace=\dimen269
\@cmidla=\count341
\@cmidlb=\count342
\@aboverulesep=\dimen270
\@belowrulesep=\dimen271
\@thisruleclass=\count343
\@lastruleclass=\count344
\@thisrulewidth=\dimen272
) (C:\MiKTeX\tex/latex/multirow\multirow.sty
Package: multirow 2024/11/12 v2.9 Span multiple rows of a table
\multirow@colwidth=\skip114
\multirow@cntb=\count345
\multirow@dima=\skip115
\bigstrutjot=\dimen273
) (C:\MiKTeX\tex/latex/tools\tabularx.sty
Package: tabularx 2023/12/11 v2.12a `tabularx' package (DPC)
\TX@col@width=\dimen274
\TX@old@table=\dimen275
\TX@old@col=\dimen276
\TX@target=\dimen277
\TX@delta=\dimen278
\TX@cols=\count346
\TX@ftn=\toks33
) (C:\MiKTeX\tex/latex/makecell\makecell.sty
Package: makecell 2009/08/03 V0.1e Managing of Tab Column Heads and Cells
\rotheadsize=\dimen279
\c@nlinenum=\count347
\TeXr@lab=\toks34
) (C:\MiKTeX\tex/latex/threeparttable\threeparttable.sty
Package: threeparttable 2003/06/13  v 3.0
\@tempboxb=\box70
) (C:\MiKTeX\tex/latex/xltabular\xltabular.sty
Package: xltabular 2025/02/28 v0.2i `xltabular' package (hv,RN)
 (C:\MiKTeX\tex/latex/ltablex\ltablex.sty
Package: ltablex 2014/08/13 v1.1 Modified tabularx
 (C:\MiKTeX\tex/latex/tools\longtable.sty
Package: longtable 2025-10-13 v4.24 Multi-page Table package (DPC)
\LTleft=\skip116
\LTright=\skip117
\LTpre=\skip118
\LTpost=\skip119
\LTchunksize=\count348
\LTcapwidth=\dimen280
\LT@head=\box71
\LT@firsthead=\box72
\LT@foot=\box73
\LT@lastfoot=\box74
\LT@gbox=\box75
\LT@cols=\count349
\LT@rows=\count350
\c@LT@tables=\count351
\c@LT@chunks=\count352
\LT@p@ftn=\toks35
))) (C:\MiKTeX\tex/latex/ragged2e\ragged2e.sty
Package: ragged2e 2023/06/22 v3.6 ragged2e Package
\CenteringLeftskip=\skip120
\RaggedLeftLeftskip=\skip121
\RaggedRightLeftskip=\skip122
\CenteringRightskip=\skip123
\RaggedLeftRightskip=\skip124
\RaggedRightRightskip=\skip125
\CenteringParfillskip=\skip126
\RaggedLeftParfillskip=\skip127
\RaggedRightParfillskip=\skip128
\JustifyingParfillskip=\skip129
\CenteringParindent=\skip130
\RaggedLeftParindent=\skip131
\RaggedRightParindent=\skip132
\JustifyingParindent=\skip133
) (C:\MiKTeX\tex/latex/seqsplit\seqsplit.sty
Package: seqsplit 2006/08/07 v0.1 Splitting long sequences (DNA, RNA, proteins, etc.) 
) (C:\MiKTeX\tex/latex/pgf/frontendlayer\tikz.sty (C:\MiKTeX\tex/latex/pgf/basiclayer\pgf.sty (C:\MiKTeX\tex/latex/pgf/utilities\pgfrcs.sty (C:\MiKTeX\tex/generic/pgf/utilities\pgfutil-common.tex
\pgfutil@everybye=\toks36
\pgfutil@tempdima=\dimen281
\pgfutil@tempdimb=\dimen282
) (C:\MiKTeX\tex/generic/pgf/utilities\pgfutil-latex.def
\pgfutil@abb=\box76
) (C:\MiKTeX\tex/generic/pgf/utilities\pgfrcs.code.tex (C:\MiKTeX\tex/generic/pgf\pgf.revision.tex)
Package: pgfrcs 2025-08-29 v3.1.11a (3.1.11a)
))
Package: pgf 2025-08-29 v3.1.11a (3.1.11a)
 (C:\MiKTeX\tex/latex/pgf/basiclayer\pgfcore.sty (C:\MiKTeX\tex/latex/pgf/systemlayer\pgfsys.sty (C:\MiKTeX\tex/generic/pgf/systemlayer\pgfsys.code.tex
Package: pgfsys 2025-08-29 v3.1.11a (3.1.11a)
 (C:\MiKTeX\tex/generic/pgf/utilities\pgfkeys.code.tex
\pgfkeys@pathtoks=\toks37
\pgfkeys@temptoks=\toks38
 (C:\MiKTeX\tex/generic/pgf/utilities\pgfkeyslibraryfiltered.code.tex
\pgfkeys@tmptoks=\toks39
))
\pgf@x=\dimen283
\pgf@y=\dimen284
\pgf@xa=\dimen285
\pgf@ya=\dimen286
\pgf@xb=\dimen287
\pgf@yb=\dimen288
\pgf@xc=\dimen289
\pgf@yc=\dimen290
\pgf@xd=\dimen291
\pgf@yd=\dimen292
\w@pgf@writea=\write3
\r@pgf@reada=\read3
\c@pgf@counta=\count353
\c@pgf@countb=\count354
\c@pgf@countc=\count355
\c@pgf@countd=\count356
\t@pgf@toka=\toks40
\t@pgf@tokb=\toks41
\t@pgf@tokc=\toks42
\pgf@sys@id@count=\count357
 (C:\MiKTeX\tex/generic/pgf/systemlayer\pgf.cfg
File: pgf.cfg 2025-08-29 v3.1.11a (3.1.11a)
)
Driver file for pgf: pgfsys-pdftex.def
 (C:\MiKTeX\tex/generic/pgf/systemlayer\pgfsys-pdftex.def
File: pgfsys-pdftex.def 2025-08-29 v3.1.11a (3.1.11a)
 (C:\MiKTeX\tex/generic/pgf/systemlayer\pgfsys-common-pdf.def
File: pgfsys-common-pdf.def 2025-08-29 v3.1.11a (3.1.11a)
))) (C:\MiKTeX\tex/generic/pgf/systemlayer\pgfsyssoftpath.code.tex
File: pgfsyssoftpath.code.tex 2025-08-29 v3.1.11a (3.1.11a)
\pgfsyssoftpath@smallbuffer@items=\count358
\pgfsyssoftpath@bigbuffer@items=\count359
) (C:\MiKTeX\tex/generic/pgf/systemlayer\pgfsysprotocol.code.tex
File: pgfsysprotocol.code.tex 2025-08-29 v3.1.11a (3.1.11a)
)) (C:\MiKTeX\tex/generic/pgf/basiclayer\pgfcore.code.tex
Package: pgfcore 2025-08-29 v3.1.11a (3.1.11a)
 (C:\MiKTeX\tex/generic/pgf/math\pgfmath.code.tex (C:\MiKTeX\tex/generic/pgf/math\pgfmathutil.code.tex) (C:\MiKTeX\tex/generic/pgf/math\pgfmathparser.code.tex
\pgfmath@dimen=\dimen293
\pgfmath@count=\count360
\pgfmath@box=\box77
\pgfmath@toks=\toks43
\pgfmath@stack@operand=\toks44
\pgfmath@stack@operation=\toks45
) (C:\MiKTeX\tex/generic/pgf/math\pgfmathfunctions.code.tex) (C:\MiKTeX\tex/generic/pgf/math\pgfmathfunctions.basic.code.tex) (C:\MiKTeX\tex/generic/pgf/math\pgfmathfunctions.trigonometric.code.tex) (C:\MiKTeX\tex/generic/pgf/math\pgfmathfunctions.random.code.tex) (C:\MiKTeX\tex/generic/pgf/math\pgfmathfunctions.comparison.code.tex) (C:\MiKTeX\tex/generic/pgf/math\pgfmathfunctions.base.code.tex) (C:\MiKTeX\tex/generic/pgf/math\pgfmathfunctions.round.code.tex) (C:\MiKTeX\tex/generic/pgf/math\pgfmathfunctions.misc.code.tex) (C:\MiKTeX\tex/generic/pgf/math\pgfmathfunctions.integerarithmetics.code.tex) (C:\MiKTeX\tex/generic/pgf/math\pgfmathcalc.code.tex) (C:\MiKTeX\tex/generic/pgf/math\pgfmathfloat.code.tex
\c@pgfmathroundto@lastzeros=\count361
)) (C:\MiKTeX\tex/generic/pgf/math\pgfint.code.tex) (C:\MiKTeX\tex/generic/pgf/basiclayer\pgfcorepoints.code.tex
File: pgfcorepoints.code.tex 2025-08-29 v3.1.11a (3.1.11a)
\pgf@picminx=\dimen294
\pgf@picmaxx=\dimen295
\pgf@picminy=\dimen296
\pgf@picmaxy=\dimen297
\pgf@pathminx=\dimen298
\pgf@pathmaxx=\dimen299
\pgf@pathminy=\dimen300
\pgf@pathmaxy=\dimen301
\pgf@xx=\dimen302
\pgf@xy=\dimen303
\pgf@yx=\dimen304
\pgf@yy=\dimen305
\pgf@zx=\dimen306
\pgf@zy=\dimen307
) (C:\MiKTeX\tex/generic/pgf/basiclayer\pgfcorepathconstruct.code.tex
File: pgfcorepathconstruct.code.tex 2025-08-29 v3.1.11a (3.1.11a)
\pgf@path@lastx=\dimen308
\pgf@path@lasty=\dimen309
) (C:\MiKTeX\tex/generic/pgf/basiclayer\pgfcorepathusage.code.tex
File: pgfcorepathusage.code.tex 2025-08-29 v3.1.11a (3.1.11a)
\pgf@shorten@end@additional=\dimen310
\pgf@shorten@start@additional=\dimen311
) (C:\MiKTeX\tex/generic/pgf/basiclayer\pgfcorescopes.code.tex
File: pgfcorescopes.code.tex 2025-08-29 v3.1.11a (3.1.11a)
\pgfpic=\box78
\pgf@hbox=\box79
\pgf@layerbox@main=\box80
\pgf@picture@serial@count=\count362
) (C:\MiKTeX\tex/generic/pgf/basiclayer\pgfcoregraphicstate.code.tex
File: pgfcoregraphicstate.code.tex 2025-08-29 v3.1.11a (3.1.11a)
\pgflinewidth=\dimen312
) (C:\MiKTeX\tex/generic/pgf/basiclayer\pgfcoretransformations.code.tex
File: pgfcoretransformations.code.tex 2025-08-29 v3.1.11a (3.1.11a)
\pgf@pt@x=\dimen313
\pgf@pt@y=\dimen314
\pgf@pt@temp=\dimen315
) (C:\MiKTeX\tex/generic/pgf/basiclayer\pgfcorequick.code.tex
File: pgfcorequick.code.tex 2025-08-29 v3.1.11a (3.1.11a)
) (C:\MiKTeX\tex/generic/pgf/basiclayer\pgfcoreobjects.code.tex
File: pgfcoreobjects.code.tex 2025-08-29 v3.1.11a (3.1.11a)
) (C:\MiKTeX\tex/generic/pgf/basiclayer\pgfcorepathprocessing.code.tex
File: pgfcorepathprocessing.code.tex 2025-08-29 v3.1.11a (3.1.11a)
) (C:\MiKTeX\tex/generic/pgf/basiclayer\pgfcorearrows.code.tex
File: pgfcorearrows.code.tex 2025-08-29 v3.1.11a (3.1.11a)
\pgfarrowsep=\dimen316
) (C:\MiKTeX\tex/generic/pgf/basiclayer\pgfcoreshade.code.tex
File: pgfcoreshade.code.tex 2025-08-29 v3.1.11a (3.1.11a)
\pgf@max=\dimen317
\pgf@sys@shading@range@num=\count363
\pgf@shadingcount=\count364
) (C:\MiKTeX\tex/generic/pgf/basiclayer\pgfcoreimage.code.tex
File: pgfcoreimage.code.tex 2025-08-29 v3.1.11a (3.1.11a)
) (C:\MiKTeX\tex/generic/pgf/basiclayer\pgfcoreexternal.code.tex
File: pgfcoreexternal.code.tex 2025-08-29 v3.1.11a (3.1.11a)
\pgfexternal@startupbox=\box81
) (C:\MiKTeX\tex/generic/pgf/basiclayer\pgfcorelayers.code.tex
File: pgfcorelayers.code.tex 2025-08-29 v3.1.11a (3.1.11a)
) (C:\MiKTeX\tex/generic/pgf/basiclayer\pgfcoretransparency.code.tex
File: pgfcoretransparency.code.tex 2025-08-29 v3.1.11a (3.1.11a)
) (C:\MiKTeX\tex/generic/pgf/basiclayer\pgfcorepatterns.code.tex
File: pgfcorepatterns.code.tex 2025-08-29 v3.1.11a (3.1.11a)
) (C:\MiKTeX\tex/generic/pgf/basiclayer\pgfcorerdf.code.tex
File: pgfcorerdf.code.tex 2025-08-29 v3.1.11a (3.1.11a)
))) (C:\MiKTeX\tex/generic/pgf/modules\pgfmoduleshapes.code.tex
File: pgfmoduleshapes.code.tex 2025-08-29 v3.1.11a (3.1.11a)
\pgfnodeparttextbox=\box82
) (C:\MiKTeX\tex/generic/pgf/modules\pgfmoduleplot.code.tex
File: pgfmoduleplot.code.tex 2025-08-29 v3.1.11a (3.1.11a)
) (C:\MiKTeX\tex/latex/pgf/compatibility\pgfcomp-version-0-65.sty
Package: pgfcomp-version-0-65 2025-08-29 v3.1.11a (3.1.11a)
\pgf@nodesepstart=\dimen318
\pgf@nodesepend=\dimen319
) (C:\MiKTeX\tex/latex/pgf/compatibility\pgfcomp-version-1-18.sty
Package: pgfcomp-version-1-18 2025-08-29 v3.1.11a (3.1.11a)
)) (C:\MiKTeX\tex/latex/pgf/utilities\pgffor.sty (C:\MiKTeX\tex/latex/pgf/utilities\pgfkeys.sty (C:\MiKTeX\tex/generic/pgf/utilities\pgfkeys.code.tex)) (C:\MiKTeX\tex/latex/pgf/math\pgfmath.sty (C:\MiKTeX\tex/generic/pgf/math\pgfmath.code.tex)) (C:\MiKTeX\tex/generic/pgf/utilities\pgffor.code.tex
Package: pgffor 2025-08-29 v3.1.11a (3.1.11a)
\pgffor@iter=\dimen320
\pgffor@skip=\dimen321
\pgffor@stack=\toks46
\pgffor@toks=\toks47
)) (C:\MiKTeX\tex/generic/pgf/frontendlayer/tikz\tikz.code.tex
Package: tikz 2025-08-29 v3.1.11a (3.1.11a)
 (C:\MiKTeX\tex/generic/pgf/libraries\pgflibraryplothandlers.code.tex
File: pgflibraryplothandlers.code.tex 2025-08-29 v3.1.11a (3.1.11a)
\pgf@plot@mark@count=\count365
\pgfplotmarksize=\dimen322
)
\tikz@lastx=\dimen323
\tikz@lasty=\dimen324
\tikz@lastxsaved=\dimen325
\tikz@lastysaved=\dimen326
\tikz@lastmovetox=\dimen327
\tikz@lastmovetoy=\dimen328
\tikzleveldistance=\dimen329
\tikzsiblingdistance=\dimen330
\tikz@figbox=\box83
\tikz@figbox@bg=\box84
\tikz@tempbox=\box85
\tikz@tempbox@bg=\box86
\tikztreelevel=\count366
\tikznumberofchildren=\count367
\tikznumberofcurrentchild=\count368
\tikz@fig@count=\count369
 (C:\MiKTeX\tex/generic/pgf/modules\pgfmodulematrix.code.tex
File: pgfmodulematrix.code.tex 2025-08-29 v3.1.11a (3.1.11a)
\pgfmatrixcurrentrow=\count370
\pgfmatrixcurrentcolumn=\count371
\pgf@matrix@numberofcolumns=\count372
)
\tikz@expandcount=\count373
 (C:\MiKTeX\tex/generic/pgf/frontendlayer/tikz/libraries\tikzlibrarytopaths.code.tex
File: tikzlibrarytopaths.code.tex 2025-08-29 v3.1.11a (3.1.11a)
))) (C:\MiKTeX\tex/generic/pgf/frontendlayer/tikz/libraries\tikzlibrarypositioning.code.tex
File: tikzlibrarypositioning.code.tex 2025-08-29 v3.1.11a (3.1.11a)
) (C:\MiKTeX\tex/generic/pgf/libraries\pgflibraryarrows.meta.code.tex
File: pgflibraryarrows.meta.code.tex 2025-08-29 v3.1.11a (3.1.11a)
\pgfarrowinset=\dimen331
\pgfarrowlength=\dimen332
\pgfarrowwidth=\dimen333
\pgfarrowlinewidth=\dimen334
) (C:\MiKTeX\tex/latex/listings\listings.sty
\lst@mode=\count374
\lst@gtempboxa=\box87
\lst@token=\toks48
\lst@length=\count375
\lst@currlwidth=\dimen335
\lst@column=\count376
\lst@pos=\count377
\lst@lostspace=\dimen336
\lst@width=\dimen337
\lst@newlines=\count378
\lst@lineno=\count379
\lst@maxwidth=\dimen338
 (C:\MiKTeX\tex/latex/listings\lstpatch.sty
File: lstpatch.sty 2025/11/14 1.11b (Carsten Heinz)
) (C:\MiKTeX\tex/latex/listings\lstmisc.sty
File: lstmisc.sty 2025/11/14 1.11b (Carsten Heinz)
\c@lstnumber=\count380
\lst@skipnumbers=\count381
\lst@framebox=\box88
) (C:\MiKTeX\tex/latex/listings\listings.cfg
File: listings.cfg 2025/11/14 1.11b listings configuration
))
Package: listings 2025/11/14 1.11b (Carsten Heinz)

==> First Aid for listings.sty no longer applied!
    Expected:
        2024/09/23 1.10c (Carsten Heinz)
    but found:
        2025/11/14 1.11b (Carsten Heinz)
    so I'm assuming it got fixed.
(C:\MiKTeX\tex/latex/ulem\ulem.sty
\UL@box=\box89
\UL@hyphenbox=\box90
\UL@skip=\skip134
\UL@hook=\toks49
\UL@height=\dimen339
\UL@pe=\count382
\UL@pixel=\dimen340
\ULC@box=\box91
Package: ulem 2019/11/18
\ULdepth=\dimen341
) (C:\MiKTeX\tex/latex/lineno\lineno.sty
Package: lineno 2026/03/08 line numbers on paragraphs v5.9
\linenopenalty=\count383
\output=\toks50
\linenoprevgraf=\count384
\linenumbersep=\dimen342
\linenumberwidth=\dimen343
\c@linenumber=\count385
\c@pagewiselinenumber=\count386
\c@LN@truepage=\count387
\c@internallinenumber=\count388
\c@internallinenumbers=\count389
\quotelinenumbersep=\dimen344
\bframerule=\dimen345
\bframesep=\dimen346
\bframebox=\box92
\@LN@amsmath@ams@eqpen=\count390
) (C:\MiKTeX\tex/latex/csquotes\csquotes.sty
Package: csquotes 2024-04-04 v5.2o context-sensitive quotations (JAW)
\csq@reset=\count391
\csq@gtype=\count392
\csq@glevel=\count393
\csq@qlevel=\count394
\csq@maxlvl=\count395
\csq@tshold=\count396
\csq@ltx@everypar=\toks51
 (C:\MiKTeX\tex/latex/csquotes\csquotes.def
File: csquotes.def 2024-04-04 v5.2o csquotes generic definitions (JAW)
)
Package csquotes Info: Trying to load configuration file 'csquotes.cfg'...
Package csquotes Info: ... configuration file loaded successfully.
 (C:\MiKTeX\tex/latex/csquotes\csquotes.cfg
File: csquotes.cfg 
))
Package csquotes Info: Checking for multilingual support...
Package csquotes Info: ... found 'babel' package.
Package csquotes Info: Adjusting default style.
Package csquotes Info: Redefining alias 'default' -> 'polish'.
LaTeX Font Info:    Trying to load font information for T1+ptm on input line 156.
 (C:\MiKTeX\tex/latex/psnfss\t1ptm.fd
File: t1ptm.fd 2001/06/04 font definitions for T1/ptm.
) (C:\MiKTeX\tex/latex/l3backend\l3backend-pdftex.def
File: l3backend-pdftex.def 2025-10-09 L3 backend support: PDF output (pdfTeX)
\l__color_backend_stack_int=\count397
) (praca.aux
Package babel Info: 'polish' activates 'polish' shorthands.
(babel)             Reported on input line 9.
 (chapters/abstract-pl.aux) (chapters/abstract-en.aux) (chapters/chapter001.aux) (chapters/chapter002.aux) (chapters/chapter003.aux) (chapters/chapter004.aux) (chapters/chapter005.aux) (chapters/chapter006.aux) (chapters/chapter007.aux) (chapters/chapter008.aux) (chapters/chapter009.aux) (chapters/chapter010.aux) (chapters/chapter011.aux) (chapters/chapter012.aux) (chapters/chapter013.aux) (chapters/chapter014.aux) (chapters/chapter015.aux) (appendix/statement-A.aux))
\openout1 = `praca.aux'.

LaTeX Font Info:    Checking defaults for OML/cmm/m/it on input line 156.
LaTeX Font Info:    ... okay on input line 156.
LaTeX Font Info:    Checking defaults for OMS/cmsy/m/n on input line 156.
LaTeX Font Info:    ... okay on input line 156.
LaTeX Font Info:    Checking defaults for OT1/cmr/m/n on input line 156.
LaTeX Font Info:    ... okay on input line 156.
LaTeX Font Info:    Checking defaults for T1/cmr/m/n on input line 156.
LaTeX Font Info:    ... okay on input line 156.
LaTeX Font Info:    Checking defaults for TS1/cmr/m/n on input line 156.
LaTeX Font Info:    ... okay on input line 156.
LaTeX Font Info:    Checking defaults for OMX/cmex/m/n on input line 156.
LaTeX Font Info:    ... okay on input line 156.
LaTeX Font Info:    Checking defaults for U/cmr/m/n on input line 156.
LaTeX Font Info:    ... okay on input line 156.
LaTeX Font Info:    Checking defaults for PD1/pdf/m/n on input line 156.
LaTeX Font Info:    ... okay on input line 156.
LaTeX Font Info:    Checking defaults for PU/pdf/m/n on input line 156.
LaTeX Font Info:    ... okay on input line 156.
 (C:\MiKTeX\tex/context/base/mkii\supp-pdf.mkii
[Loading MPS to PDF converter (version 2006.09.02).]
\scratchcounter=\count398
\scratchdimen=\dimen347
\scratchbox=\box93
\nofMPsegments=\count399
\nofMParguments=\count400
\everyMPshowfont=\toks52
\MPscratchCnt=\count401
\MPscratchDim=\dimen348
\MPnumerator=\count402
\makeMPintoPDFobject=\count403
\everyMPtoPDFconversion=\toks53
) (C:\MiKTeX\tex/latex/epstopdf-pkg\epstopdf-base.sty
Package: epstopdf-base 2020-01-24 v2.11 Base part for package epstopdf
Package epstopdf-base Info: Redefining graphics rule for `.eps' on input line 485.
 (C:\MiKTeX\tex/latex/00miktex\epstopdf-sys.cfg
File: epstopdf-sys.cfg 2021/03/18 v2.0 Configuration of epstopdf for MiKTeX
))
*geometry* driver: auto-detecting
*geometry* detected driver: pdftex
*geometry* verbose mode - [ preamble ] result:
* driver: pdftex
* paper: <default>
* layout: <same size as paper>
* layoutoffset:(h,v)=(0.0pt,0.0pt)
* modes: 
* h-part:(L,W,R)=(99.58464pt, 426.79135pt, 71.13188pt)
* v-part:(T,H,B)=(71.13188pt, 702.78308pt, 71.13188pt)
* \paperwidth=597.50787pt
* \paperheight=845.04684pt
* \textwidth=426.79135pt
* \textheight=702.78308pt
* \oddsidemargin=27.31465pt
* \evensidemargin=27.31465pt
* \topmargin=-54.59085pt
* \headheight=28.45274pt
* \headsep=25.0pt
* \topskip=10.0pt
* \footskip=28.45274pt
* \marginparwidth=57.0pt
* \marginparsep=11.0pt
* \columnsep=10.0pt
* \skip\footins=9.0pt plus 4.0pt minus 2.0pt
* \hoffset=0.0pt
* \voffset=0.0pt
* \mag=1000
* \@twocolumnfalse
* \@twosidefalse
* \@mparswitchfalse
* \@reversemarginfalse
* (1in=72.27pt=25.4mm, 1cm=28.453pt)

Package caption Info: Begin \AtBeginDocument code.
Package caption Info: float package is loaded.
Package caption Info: hyperref package is loaded.
Package caption Info: listings package is loaded.
Package caption Info: longtable package is loaded.
(C:\MiKTeX\tex/latex/caption\ltcaption.sty
Package: ltcaption 2021/01/08 v1.4c longtable captions (AR)
)
Package caption Info: threeparttable package is loaded.
Package caption Info: End \AtBeginDocument code.
 (C:\MiKTeX\tex/latex/translations/dicts\translations-basic-dictionary-polish.trsl
File: translations-basic-dictionary-polish.trsl (polish translation file `translations-basic-dictionary')
)
Package translations Info: loading dictionary `translations-basic-dictionary' for `polish'. on input line 156.
 (C:\MiKTeX\tex/latex/translations/dicts\translations-basic-dictionary-english.trsl
File: translations-basic-dictionary-english.trsl (english translation file `translations-basic-dictionary')
)
Package translations Info: loading dictionary `translations-basic-dictionary' for `english'. on input line 156.
Package hyperref Info: Link coloring OFF on input line 156.
 (praca.out) (praca.out)
\@outlinefile=\write4
\openout4 = `praca.out'.

\c@lstlisting=\count404
<figures/LogoURWydzial.png, id=447, 1927.2pt x 648.4225pt>
File: figures/LogoURWydzial.png Graphic file (type png)
<use figures/LogoURWydzial.png>
Package pdftex.def Info: figures/LogoURWydzial.png  used on input line 163.
(pdftex.def)             Requested size: 578.16447pt x 194.52824pt.
LaTeX Font Info:    Trying to load font information for T1+phv on input line 163.
 (C:\MiKTeX\tex/latex/psnfss\t1phv.fd
File: t1phv.fd 2020/03/25 scalable font definitions for T1/phv.
)
LaTeX Font Info:    Font shape `T1/phv/m/it' in size <17.28> not available
(Font)              Font shape `T1/phv/m/sl' tried instead on input line 163.
 [1


{C:/Users/Lisek User/AppData/Local/MiKTeX/fonts/map/pdftex/pdftex.map}{C:/MiKTeX/fonts/enc/dvips/base/8r.enc} <./figures/LogoURWydzial.png>]
LaTeX Font Info:    Trying to load font information for U+msa on input line 163.
 (C:\MiKTeX\tex/latex/amsfonts\umsa.fd
File: umsa.fd 2013/01/14 v3.01 AMS symbols A
)
LaTeX Font Info:    Trying to load font information for U+msb on input line 163.
 (C:\MiKTeX\tex/latex/amsfonts\umsb.fd
File: umsb.fd 2013/01/14 v3.01 AMS symbols B
)
pdfTeX warning (ext4): destination with the same identifier (name{page.1}) has been already used, duplicate ignored
<to be read again> 
                   \relax 
l.163 \titlepages
                  [1

]
pdfTeX warning (ext4): destination with the same identifier (name{page.1}) has been already used, duplicate ignored
<to be read again> 
                   \relax 
l.163 \titlepages
                  [1

]
\openout2 = `chapters/abstract-pl.aux'.

 (chapters/abstract-pl.tex
LaTeX Font Info:    Trying to load font information for T1+pcr on input line 8.
 (C:\MiKTeX\tex/latex/psnfss\t1pcr.fd
File: t1pcr.fd 2001/06/04 font definitions for T1/pcr.
)) [5




]
\openout2 = `chapters/abstract-en.aux'.

 (chapters/abstract-en.tex) [6





] (praca.toc
Underfull \vbox (badness 1043) has occurred while \output is active []


Underfull \vbox (badness 1043) has occurred while \output is active []

 [7



]
Package babel Info: 'polish' activates 'polish' shorthands.
(babel)             Reported on input line 82.
 [8])
\tf@toc=\write5
\openout5 = `praca.toc'.

 [9]
\openout2 = `chapters/chapter001.aux'.

 (chapters/chapter001.tex
Rozdzia\l  1.
LaTeX Font Info:    Trying to load font information for TS1+ptm on input line 24.
(C:\MiKTeX\tex/latex/psnfss\ts1ptm.fd
File: ts1ptm.fd 2001/06/04 font definitions for TS1/ptm.
) [10



]) [11]
\openout2 = `chapters/chapter002.aux'.

 (chapters/chapter002.tex
Rozdzia\l  2.
[12




] [13] [14]) [15]
\openout2 = `chapters/chapter003.aux'.

 (chapters/chapter003.tex
Rozdzia\l  3.

ignored: Infinite glue shrinkage found in box being split [16




] [17] [18]) [19]
\openout2 = `chapters/chapter004.aux'.

 (chapters/chapter004.tex
Rozdzia\l  4.
[20




] [21]) [22]
\openout2 = `chapters/chapter005.aux'.

 (chapters/chapter005.tex
Rozdzia\l  5.
[23




] [24]) [25]
\openout2 = `chapters/chapter006.aux'.

 (chapters/chapter006.tex
Rozdzia\l  6.

Underfull \hbox (badness 5345) in paragraph at lines 46--46
[]|\T1/ptm/m/n/10 Przechowywanie stanu ekra-n¾w,
 []


Underfull \hbox (badness 6592) in paragraph at lines 46--46
\T1/ptm/m/n/10 osob-nej lo-giki apli-ka-cyj-nej lub
 []


Underfull \hbox (badness 2126) in paragraph at lines 46--46
\T1/ptm/m/n/10 przetwarzania ob-ra-z¾w, iden-ty-fi-ka-cji i
 []


Underfull \hbox (badness 3623) in paragraph at lines 46--46
\T1/ptm/m/n/10 biometrycznych, hi-sto-rii pr¾b, pa-nelu
 []


Underfull \hbox (badness 10000) in paragraph at lines 46--46
\T1/ptm/m/n/10 wykorzystywanych w sys-te-mie
 []


Underfull \hbox (badness 6608) in paragraph at lines 46--46
[]|\T1/ptm/m/n/10 Elementy w ka-ta-lo-gach \T1/pcr/m/n/10 Services\T1/ptm/m/n/10 ,
 []


Underfull \hbox (badness 10000) in paragraph at lines 46--46
\T1/pcr/m/n/10 Models\T1/ptm/m/n/10 , \T1/pcr/m/n/10 Data\T1/ptm/m/n/10 , \T1/pcr/m/n/10 Assets \T1/ptm/m/n/10 oraz
 []


Underfull \hbox (badness 6608) in paragraph at lines 46--46
[]|\T1/ptm/m/n/10 Elementy w ka-ta-lo-gach \T1/pcr/m/n/10 Services\T1/ptm/m/n/10 ,
 []


Underfull \hbox (badness 4120) in paragraph at lines 46--46
[]|\T1/ptm/m/n/10 Przechowywanie i udo-st”p-nia-nie
 []


Underfull \hbox (badness 1635) in paragraph at lines 46--46
\T1/ptm/m/n/10 re-po-zy-to-rium iden-ty-fi-ka-cji oraz mo-del
 []


Underfull \hbox (badness 10000) in paragraph at lines 46--46
\T1/ptm/m/n/10 ustawie½,
 []


Underfull \hbox (badness 10000) in paragraph at lines 46--46
\T1/pcr/m/n/10 SystemSettingsService \T1/ptm/m/n/10 oraz
 []


ignored: Infinite glue shrinkage found in box being split [26




] [27] [28]) [29]
\openout2 = `chapters/chapter007.aux'.

 (chapters/chapter007.tex
Rozdzia\l  7.

Underfull \hbox (badness 3601) in paragraph at lines 10--11
[]\T1/ptm/m/n/10 Jako ▒ro-do-wi-sko uru-cho-mie-niowe przy-j”to sys-tem Win-dows. Jest to zgodne z cha-rak-te-rem
 []


Underfull \hbox (badness 1681) in paragraph at lines 10--11
\T1/ptm/m/n/10 apli-ka-cji, po-nie-wa╗ \T1/ptm/m/it/10 Iden-ti-ty-Core \T1/ptm/m/n/10 dzia¬a lo-kal-nie. W pliku pro-jektu wska-zano plat-form” do-ce-lowĪ
 []


Underfull \hbox (badness 10000) in paragraph at lines 24--25
[]\T1/ptm/m/n/10 Komunikacja apli-ka-cji z bazĪ da-nych jest re-ali-zo-wana z u╗y-ciem bi-blio-teki
 []


Underfull \hbox (badness 1189) in paragraph at lines 24--25
\T1/pcr/m/n/10 Microsoft.Data.SqlClient\T1/ptm/m/n/10 . Bi-blio-teka ta umo╗-li-wia wy-ko-ny-wa-nie ope-ra-cji za-pisu, od-czytu
 []

[30




] [31]
Overfull \hbox (1.5239pt too wide) in paragraph at lines 126--126
[]|\T1/ptm/m/n/10 Microsoft.Data.SqlClient|  
 []

) [32]
\openout2 = `chapters/chapter008.aux'.

 (chapters/chapter008.tex
Rozdzia\l  8.

Overfull \hbox (1.11716pt too wide) in paragraph at lines 55--55
[]|\T1/pcr/m/n/10 IdentificationAttempts|  
 []


ignored: Infinite glue shrinkage found in box being split [33




]
Underfull \hbox (badness 3118) in paragraph at lines 71--72
[]\T1/ptm/m/n/10 Tabela \T1/pcr/m/n/10 MatchResults \T1/ptm/m/n/10 jest po-wiĪ-zana z ta-belĪ \T1/pcr/m/n/10 IdentificationAttempts \T1/ptm/m/n/10 przez pole
 []


Underfull \hbox (badness 10000) in paragraph at lines 75--76
[]\T1/ptm/m/n/10 Diagram ERD przed-sta-wia gra-ficzne uj”-cie ta-bel oraz re-la-cji wy-st”-pu-jĪ-cych w mo-delu
 []


Underfull \hbox (badness 10000) in paragraph at lines 75--76
\T1/ptm/m/n/10 da-nych. Obej-muje on przede wszyst-kim po-wiĪ-za-nia ta-bel \T1/pcr/m/n/10 Persons\T1/ptm/m/n/10 , \T1/pcr/m/n/10 FaceTemplates\T1/ptm/m/n/10 ,
 []


Underfull \hbox (badness 10000) in paragraph at lines 75--76
\T1/pcr/m/n/10 FingerprintTemplates\T1/ptm/m/n/10 , \T1/pcr/m/n/10 BiometricSamples\T1/ptm/m/n/10 , \T1/pcr/m/n/10 IdentificationAttempts \T1/ptm/m/n/10 oraz
 []


Underfull \hbox (badness 1117) in paragraph at lines 75--76
\T1/pcr/m/n/10 MatchResults\T1/ptm/m/n/10 . Ta-bele \T1/pcr/m/n/10 SystemSettings \T1/ptm/m/n/10 i \T1/pcr/m/n/10 Users \T1/ptm/m/n/10 pe¬-niĪ funk-cje po-moc-ni-cze i r¾w-nie╗ zo-
 []

[34]
<figures/erd_identitycore.png, id=742, 802.49812pt x 918.43124pt>
File: figures/erd_identitycore.png Graphic file (type png)
<use figures/erd_identitycore.png>
Package pdftex.def Info: figures/erd_identitycore.png  used on input line 79.
(pdftex.def)             Requested size: 426.79135pt x 488.46194pt.

Underfull \vbox (badness 10000) has occurred while \output is active []


Underfull \vbox (badness 10000) has occurred while \output is active []

 [35 <./figures/erd_identitycore.png>]) [36]
\openout2 = `chapters/chapter009.aux'.

 (chapters/chapter009.tex
Rozdzia\l  9.

Underfull \hbox (badness 10000) in paragraph at lines 49--49
[]|\T1/pcr/m/n/10 PersonRegistryView\T1/ptm/m/n/10 , 
 []


Underfull \hbox (badness 3792) in paragraph at lines 49--49
\T1/pcr/m/n/10 PersonRegistryViewModel\T1/ptm/m/n/10 , 
 []


Underfull \hbox (badness 4899) in paragraph at lines 49--49
[]|\T1/pcr/m/n/10 FaceIdentificationView\T1/ptm/m/n/10 , 
 []


Underfull \hbox (badness 1005) in paragraph at lines 49--49
\T1/pcr/m/n/10 FaceIdentificationViewModel\T1/ptm/m/n/10 , 
 []


Underfull \hbox (badness 4899) in paragraph at lines 49--49
\T1/pcr/m/n/10 FaceRecognitionService\T1/ptm/m/n/10 , 
 []


Underfull \hbox (badness 4899) in paragraph at lines 49--49
[]|\T1/pcr/m/n/10 ImageProcessingService\T1/ptm/m/n/10 , 
 []


Underfull \hbox (badness 10000) in paragraph at lines 49--49
[]|\T1/pcr/m/n/10 DatabaseConnection\T1/ptm/m/n/10 , 
 []


Underfull \hbox (badness 10000) in paragraph at lines 49--49
\T1/pcr/m/n/10 PersonRepository\T1/ptm/m/n/10 , 
 []


Underfull \hbox (badness 4899) in paragraph at lines 49--49
\T1/pcr/m/n/10 FaceTemplateRepository\T1/ptm/m/n/10 , 
 []


Underfull \hbox (badness 2096) in paragraph at lines 49--49
\T1/pcr/m/n/10 BiometricDecisionSettings\T1/ptm/m/n/10 , 
 []


ignored: Infinite glue shrinkage found in box being split [37




]
Underfull \hbox (badness 4279) in paragraph at lines 55--56
[]\T1/ptm/m/n/10 Rejestracja osoby zo-sta¬a zre-ali-zo-wana w mo-dule re-je-stru os¾b. Za ob-s¬ug” tego ob-szaru
 []


Underfull \hbox (badness 5359) in paragraph at lines 55--56
\T1/ptm/m/n/10 od-po-wia-dajĪ przede wszyst-kim \T1/pcr/m/n/10 PersonRegistryView\T1/ptm/m/n/10 , \T1/pcr/m/n/10 PersonRegistryViewModel \T1/ptm/m/n/10 oraz
 []

[38]
Underfull \hbox (badness 1590) in paragraph at lines 67--68
[]\T1/ptm/m/n/10 Dane bio-me-tryczne osoby sĪ po-wiĪ-zane z pro-fi-lem osoby, ale nie sĪ za-pi-sy-wane jako zwy-
 []


Underfull \hbox (badness 2293) in paragraph at lines 67--68
\T1/ptm/m/n/10 k¬e pola for-mu-la-rza opi-so-wego. Re-je-stra-cja pr¾-bek twa-rzy i od-ci-sk¾w pal-c¾w jest ob-s¬u-gi-wana
 []


Underfull \hbox (badness 1092) in paragraph at lines 67--68
\T1/pcr/m/n/10 FingerprintTemplateRepository \T1/ptm/m/n/10 i \T1/pcr/m/n/10 BiometricSampleRepository\T1/ptm/m/n/10 . Dzi”ki temu pro-fil
 []


Underfull \hbox (badness 10000) in paragraph at lines 77--78
[]\T1/ptm/m/n/10 Po uru-cho-mie-niu iden-ty-fi-ka-cji \T1/pcr/m/n/10 FaceIdentificationViewModel \T1/ptm/m/n/10 wy-wo-¬uje us¬ug”
 []


Underfull \hbox (badness 1389) in paragraph at lines 77--78
\T1/pcr/m/n/10 FaceRecognitionService\T1/ptm/m/n/10 . Mo-del wi-doku nie wy-ko-nuje sa-mo-dziel-nie po-r¾w-ny-wa-nia twa-rzy;
 []

(C:\MiKTeX\tex/latex/listings\lstlang1.sty
File: lstlang1.sty 2025/11/14 1.11b listings language file
)
Package hyperref Info: bookmark level for unknown lstlisting defaults to 0 on input line 85.
 (src/face_prepare_face.cs [39]) (src/face_embedding_onnx.cs [40]) (src/face_candidate_selection.cs [41]) (src/cosine_similarity.cs [42]) (src/fingerprint_template_creation.cs [43]) [44]
Underfull \hbox (badness 2680) in paragraph at lines 137--138
[]\T1/ptm/m/n/10 Po utwo-rze-niu sza-blonu pr¾bki apli-ka-cja po-biera za-pi-sane sza-blony od-ci-sk¾w pal-c¾w przez
 []


Underfull \hbox (badness 1590) in paragraph at lines 137--138
\T1/pcr/m/n/10 FingerprintTemplateRepository \T1/ptm/m/n/10 oraz dane os¾b przez \T1/pcr/m/n/10 PersonRepository\T1/ptm/m/n/10 . Na-st”p-nie
 []

(src/fingerprint_matching_flow.cs) (src/fingerprint_decision_threshold.cs) [45]
Underfull \hbox (badness 2717) in paragraph at lines 157--158
[]\T1/ptm/m/n/10 Wynik dzia-¬a-nia \T1/pcr/m/n/10 FingerprintRecognitionService \T1/ptm/m/n/10 jest prze-ka-zy-wany z po-wro-tem do
 []

(src/identification_add_attempt.cs [46])
Underfull \hbox (badness 10000) in paragraph at lines 177--178
[]\T1/ptm/m/n/10 Za spraw-dze-nie da-nych od-po-wiada \T1/pcr/m/n/10 AuthenticationService\T1/ptm/m/n/10 . Us¬uga ko-rzy-sta z
 []

(src/authentication_login.cs) [47]
Underfull \hbox (badness 10000) in paragraph at lines 199--200
[]\T1/ptm/m/n/10 Dodanie osoby jest re-ali-zo-wane przez \T1/pcr/m/n/10 AddNewPerson\T1/ptm/m/n/10 , na-to-miast za-pis zmian przez
 []


Underfull \hbox (badness 1117) in paragraph at lines 199--200
\T1/pcr/m/n/10 SaveChanges\T1/ptm/m/n/10 . Usu-wa-nie pro-filu ob-s¬u-guje me-toda \T1/pcr/m/n/10 DeleteSelectedPerson\T1/ptm/m/n/10 , kt¾ra wy-wo-¬uje
 []

[48]) [49]
\openout2 = `chapters/chapter010.aux'.

 (chapters/chapter010.tex
Rozdzia\l  10.
<figures/ui/ui_01_login.png, id=1164, 727.21687pt x 461.47406pt>
File: figures/ui/ui_01_login.png Graphic file (type png)
<use figures/ui/ui_01_login.png>
Package pdftex.def Info: figures/ui/ui_01_login.png  used on input line 15.
(pdftex.def)             Requested size: 418.2537pt x 265.42297pt.
[50




 <./figures/ui/ui_01_login.png>]
<figures/ui/ui_02_dashboard.png, id=1172, 1307.63531pt x 789.70032pt>
File: figures/ui/ui_02_dashboard.png Graphic file (type png)
<use figures/ui/ui_02_dashboard.png>
Package pdftex.def Info: figures/ui/ui_02_dashboard.png  used on input line 34.
(pdftex.def)             Requested size: 418.2537pt x 252.58876pt.
 [51 <./figures/ui/ui_02_dashboard.png>]
<figures/ui/ui_03_person_registry.png, id=1179, 1312.15219pt x 804.00375pt>
File: figures/ui/ui_03_person_registry.png Graphic file (type png)
<use figures/ui/ui_03_person_registry.png>
Package pdftex.def Info: figures/ui/ui_03_person_registry.png  used on input line 53.
(pdftex.def)             Requested size: 418.2537pt x 256.28047pt.
 [52 <./figures/ui/ui_03_person_registry.png>]
<figures/ui/ui_04_face_identification_input.png, id=1186, 1263.21938pt x 795.72281pt>
File: figures/ui/ui_04_face_identification_input.png Graphic file (type png)
<use figures/ui/ui_04_face_identification_input.png>
Package pdftex.def Info: figures/ui/ui_04_face_identification_input.png  used on input line 72.
(pdftex.def)             Requested size: 418.2537pt x 263.46353pt.
 [53 <./figures/ui/ui_04_face_identification_input.png>]
<figures/ui/ui_05_fingerprint_identification_input.png, id=1193, 1263.21938pt x 795.72281pt>
File: figures/ui/ui_05_fingerprint_identification_input.png Graphic file (type png)
<use figures/ui/ui_05_fingerprint_identification_input.png>
Package pdftex.def Info: figures/ui/ui_05_fingerprint_identification_input.png  used on input line 91.
(pdftex.def)             Requested size: 418.2537pt x 263.46353pt.
 [54 <./figures/ui/ui_05_fingerprint_identification_input.png>]
<figures/ui/ui_09_history.png, id=1200, 1394.20876pt x 795.72281pt>
File: figures/ui/ui_09_history.png Graphic file (type png)
<use figures/ui/ui_09_history.png>
Package pdftex.def Info: figures/ui/ui_09_history.png  used on input line 110.
(pdftex.def)             Requested size: 418.2537pt x 238.70654pt.
 [55 <./figures/ui/ui_09_history.png>]
<figures/ui/ui_10_settings.png, id=1207, 1394.20876pt x 795.72281pt>
File: figures/ui/ui_10_settings.png Graphic file (type png)
<use figures/ui/ui_10_settings.png>
Package pdftex.def Info: figures/ui/ui_10_settings.png  used on input line 129.
(pdftex.def)             Requested size: 418.2537pt x 238.70654pt.
) [56 <./figures/ui/ui_10_settings.png>]
\openout2 = `chapters/chapter011.aux'.

 (chapters/chapter011.tex
Rozdzia\l  11.
[57




]
<figures/results/result_01_face_match.png, id=1222, 1394.20876pt x 795.72281pt>
File: figures/results/result_01_face_match.png Graphic file (type png)
<use figures/results/result_01_face_match.png>
Package pdftex.def Info: figures/results/result_01_face_match.png  used on input line 83.
(pdftex.def)             Requested size: 418.2537pt x 238.70654pt.
 [58 <./figures/results/result_01_face_match.png>]
<figures/results/result_02_face_no_match.png, id=1230, 1394.20876pt x 795.72281pt>
File: figures/results/result_02_face_no_match.png Graphic file (type png)
<use figures/results/result_02_face_no_match.png>
Package pdftex.def Info: figures/results/result_02_face_no_match.png  used on input line 92.
(pdftex.def)             Requested size: 418.2537pt x 238.70654pt.
 [59 <./figures/results/result_02_face_no_match.png>]
<figures/results/result_03_fingerprint_match.png, id=1239, 1394.20876pt x 795.72281pt>
File: figures/results/result_03_fingerprint_match.png Graphic file (type png)
<use figures/results/result_03_fingerprint_match.png>
Package pdftex.def Info: figures/results/result_03_fingerprint_match.png  used on input line 134.
(pdftex.def)             Requested size: 418.2537pt x 238.70654pt.
<figures/results/result_04_fingerprint_no_match.png, id=1240, 1394.20876pt x 795.72281pt>
File: figures/results/result_04_fingerprint_no_match.png Graphic file (type png)
<use figures/results/result_04_fingerprint_no_match.png>
Package pdftex.def Info: figures/results/result_04_fingerprint_no_match.png  used on input line 143.
(pdftex.def)             Requested size: 418.2537pt x 238.70654pt.

Underfull \vbox (badness 1028) has occurred while \output is active []


Underfull \vbox (badness 1028) has occurred while \output is active []

 [60 <./figures/results/result_03_fingerprint_match.png> <./figures/results/result_04_fingerprint_no_match.png>]) [61]
\openout2 = `chapters/chapter012.aux'.

 (chapters/chapter012.tex
Rozdzia\l  12.
[62




]) [63]
\openout2 = `chapters/chapter013.aux'.

 (chapters/chapter013.tex
Rozdzia\l  13.

ignored: Infinite glue shrinkage found in box being split [64




]) [65]
\openout2 = `chapters/chapter014.aux'.

 (chapters/chapter014.tex
Rozdzia\l  14.
(C:\MiKTeX\tex/latex/listings\lstlang1.sty
File: lstlang1.sty 2025/11/14 1.11b listings language file
) (C:\MiKTeX\tex/latex/listings\lstlang1.sty
File: lstlang1.sty 2025/11/14 1.11b listings language file
)
Underfull \hbox (badness 10000) in paragraph at lines 52--53
[]\T1/ptm/m/n/10 Po wy-ko-na-niu tych po-le-ce½ na-le╗y spraw-dzió, czy w pro-jek-cie znaj-duje si” plik
 []


Underfull \vbox (badness 1960) has occurred while \output is active []


Underfull \vbox (badness 1960) has occurred while \output is active []

 [66




] [67]) [68]
\openout2 = `chapters/chapter015.aux'.

 (chapters/chapter015.tex
Rozdzia\l  15.

Underfull \vbox (badness 1107) has occurred while \output is active []


Underfull \vbox (badness 1107) has occurred while \output is active []

 [69




]) [70] (praca.bbl
Underfull \hbox (badness 10000) in paragraph at lines 21--26
[]\T1/ptm/m/n/10 Microsoft.  Con-fi-gure win-dows hello.  []$\T1/ptm/m/it/10 https : / / support . microsoft . com / en-[]us / windows /
 []

) [71




] (praca.lof)
\tf@lof=\write6
\openout6 = `praca.lof'.

 [72

] (praca.lot)
\tf@lot=\write7
\openout7 = `praca.lot'.

 [73

] (praca.lol)
\tf@lol=\write8
\openout8 = `praca.lol'.

 [74


]
\openout2 = `appendix/statement-A.aux'.

 (appendix/statement-A.tex
Underfull \hbox (badness 10000) in paragraph at lines 19--22

 []


Underfull \hbox (badness 10000) in paragraph at lines 23--24

 []


Underfull \hbox (badness 10000) in paragraph at lines 25--27

 []

) [75



] (praca.aux (chapters/abstract-pl.aux) (chapters/abstract-en.aux) (chapters/chapter001.aux) (chapters/chapter002.aux) (chapters/chapter003.aux) (chapters/chapter004.aux) (chapters/chapter005.aux) (chapters/chapter006.aux) (chapters/chapter007.aux) (chapters/chapter008.aux) (chapters/chapter009.aux) (chapters/chapter010.aux) (chapters/chapter011.aux) (chapters/chapter012.aux) (chapters/chapter013.aux) (chapters/chapter014.aux) (chapters/chapter015.aux) (appendix/statement-A.aux))
 ***********
LaTeX2e <2025-11-01>
L3 programming layer <2026-01-19>
 ***********
Package rerunfilecheck Info: File `praca.out' has not changed.
(rerunfilecheck)             Checksum: FA7EA232517AE373ED984BD1A5576D05;22210.
 ) 
Here is how much of TeX's memory you used:
 35694 strings out of 467867
 705451 string characters out of 5435152
 1403559 words of memory out of 5000000
 63280 multiletter control sequences out of 15000+600000
 698806 words of font info for 100 fonts, out of 8000000 for 9000
 1141 hyphenation exceptions out of 8191
 88i,13n,98p,1529b,2836s stack positions out of 10000i,1000n,20000p,200000b,200000s
<C:/MiKTeX/fonts/type1/public/amsfonts/cm/cmmi10.pfb><C:/MiKTeX/fonts/type1/public/amsfonts/cm/cmr10.pfb><C:/MiKTeX/fonts/type1/public/amsfonts/cm/cmsy10.pfb><C:/MiKTeX/fonts/type1/urw/courier/ucrr8a.pfb><C:/MiKTeX/fonts/type1/urw/helvetic/uhvb8a.pfb><C:/MiKTeX/fonts/type1/urw/helvetic/uhvr8a.pfb><C:/MiKTeX/fonts/type1/urw/helvetic/uhvro8a.pfb><C:/MiKTeX/fonts/type1/urw/times/utmb8a.pfb><C:/MiKTeX/fonts/type1/urw/times/utmr8a.pfb><C:/MiKTeX/fonts/type1/urw/times/utmr8a.pfb><C:/MiKTeX/fonts/type1/urw/times/utmri8a.pfb>
Output written on praca.pdf (74 pages, 2355144 bytes).
PDF statistics:
 1549 PDF objects out of 1728 (max. 8388607)
 579 named destinations out of 1000 (max. 500000)
 966 words of extra memory for PDF output out of 10000 (max. 10000000)

